{"D:\\Hacktiv8\\Fase 3\\Final Project\\WO\\back-end\\app.js": {"path":"D:\\Hacktiv8\\Fase 3\\Final Project\\WO\\back-end\\app.js","statementMap":{"0":{"start":{"line":1,"column":0},"end":{"line":3,"column":1}},"1":{"start":{"line":2,"column":2},"end":{"line":2,"column":29}},"2":{"start":{"line":5,"column":16},"end":{"line":5,"column":34}},"3":{"start":{"line":6,"column":12},"end":{"line":6,"column":21}},"4":{"start":{"line":7,"column":13},"end":{"line":7,"column":17}},"5":{"start":{"line":8,"column":15},"end":{"line":8,"column":40}},"6":{"start":{"line":9,"column":21},"end":{"line":9,"column":57}},"7":{"start":{"line":11,"column":0},"end":{"line":11,"column":48}},"8":{"start":{"line":12,"column":0},"end":{"line":12,"column":24}},"9":{"start":{"line":13,"column":0},"end":{"line":13,"column":16}},"10":{"start":{"line":14,"column":0},"end":{"line":14,"column":22}},"11":{"start":{"line":16,"column":0},"end":{"line":16,"column":21}}},"fnMap":{},"branchMap":{"0":{"loc":{"start":{"line":1,"column":0},"end":{"line":3,"column":1}},"type":"if","locations":[{"start":{"line":1,"column":0},"end":{"line":3,"column":1}},{"start":{},"end":{}}],"line":1}},"s":{"0":5,"1":5,"2":5,"3":5,"4":5,"5":5,"6":5,"7":5,"8":5,"9":5,"10":5,"11":5},"f":{},"b":{"0":[5,0]},"_coverageSchema":"1a1c01bbd47fc00a2c39e90264f33305004495a9","hash":"30a628afc3f266908d02361fd522dc12c6299ad0"}
,"D:\\Hacktiv8\\Fase 3\\Final Project\\WO\\back-end\\config\\db.js": {"path":"D:\\Hacktiv8\\Fase 3\\Final Project\\WO\\back-end\\config\\db.js","statementMap":{"0":{"start":{"line":1,"column":42},"end":{"line":1,"column":60}},"1":{"start":{"line":3,"column":2},"end":{"line":3,"column":125}},"2":{"start":{"line":6,"column":15},"end":{"line":12,"column":2}},"3":{"start":{"line":13,"column":17},"end":{"line":13,"column":40}},"4":{"start":{"line":14,"column":0},"end":{"line":14,"column":26}}},"fnMap":{},"branchMap":{},"s":{"0":5,"1":5,"2":5,"3":5,"4":5},"f":{},"b":{},"_coverageSchema":"1a1c01bbd47fc00a2c39e90264f33305004495a9","hash":"ce7368d5232602046f6548e0e17f2cee0ec3a287"}
,"D:\\Hacktiv8\\Fase 3\\Final Project\\WO\\back-end\\controller\\orders.js": {"path":"D:\\Hacktiv8\\Fase 3\\Final Project\\WO\\back-end\\controller\\orders.js","statementMap":{"0":{"start":{"line":1,"column":15},"end":{"line":1,"column":40}},"1":{"start":{"line":2,"column":17},"end":{"line":2,"column":40}},"2":{"start":{"line":3,"column":21},"end":{"line":3,"column":39}},"3":{"start":{"line":4,"column":19},"end":{"line":4,"column":40}},"4":{"start":{"line":8,"column":6},"end":{"line":33,"column":7}},"5":{"start":{"line":9,"column":90},"end":{"line":9,"column":98}},"6":{"start":{"line":11,"column":9},"end":{"line":11,"column":96}},"7":{"start":{"line":11,"column":27},"end":{"line":11,"column":96}},"8":{"start":{"line":12,"column":9},"end":{"line":12,"column":90}},"9":{"start":{"line":12,"column":24},"end":{"line":12,"column":90}},"10":{"start":{"line":13,"column":9},"end":{"line":13,"column":84}},"11":{"start":{"line":13,"column":23},"end":{"line":13,"column":84}},"12":{"start":{"line":14,"column":9},"end":{"line":14,"column":93}},"13":{"start":{"line":14,"column":27},"end":{"line":14,"column":93}},"14":{"start":{"line":15,"column":9},"end":{"line":15,"column":87}},"15":{"start":{"line":15,"column":29},"end":{"line":15,"column":87}},"16":{"start":{"line":16,"column":9},"end":{"line":21,"column":10}},"17":{"start":{"line":17,"column":12},"end":{"line":20,"column":14}},"18":{"start":{"line":23,"column":24},"end":{"line":23,"column":36}},"19":{"start":{"line":24,"column":26},"end":{"line":24,"column":126}},"20":{"start":{"line":25,"column":25},"end":{"line":25,"column":37}},"21":{"start":{"line":27,"column":9},"end":{"line":27,"column":31}},"22":{"start":{"line":28,"column":9},"end":{"line":28,"column":59}},"23":{"start":{"line":32,"column":9},"end":{"line":32,"column":21}},"24":{"start":{"line":37,"column":6},"end":{"line":119,"column":7}},"25":{"start":{"line":38,"column":33},"end":{"line":38,"column":41}},"26":{"start":{"line":39,"column":22},"end":{"line":39,"column":30}},"27":{"start":{"line":41,"column":29},"end":{"line":47,"column":11}},"28":{"start":{"line":49,"column":30},"end":{"line":105,"column":8}},"29":{"start":{"line":107,"column":9},"end":{"line":112,"column":12}},"30":{"start":{"line":114,"column":9},"end":{"line":116,"column":12}},"31":{"start":{"line":118,"column":9},"end":{"line":118,"column":21}},"32":{"start":{"line":123,"column":0},"end":{"line":123,"column":34}}},"fnMap":{"0":{"name":"(anonymous_0)","decl":{"start":{"line":7,"column":3},"end":{"line":7,"column":4}},"loc":{"start":{"line":7,"column":45},"end":{"line":34,"column":4}},"line":7},"1":{"name":"(anonymous_1)","decl":{"start":{"line":36,"column":3},"end":{"line":36,"column":4}},"loc":{"start":{"line":36,"column":43},"end":{"line":120,"column":4}},"line":36}},"branchMap":{"0":{"loc":{"start":{"line":11,"column":9},"end":{"line":11,"column":96}},"type":"if","locations":[{"start":{"line":11,"column":9},"end":{"line":11,"column":96}},{"start":{},"end":{}}],"line":11},"1":{"loc":{"start":{"line":12,"column":9},"end":{"line":12,"column":90}},"type":"if","locations":[{"start":{"line":12,"column":9},"end":{"line":12,"column":90}},{"start":{},"end":{}}],"line":12},"2":{"loc":{"start":{"line":13,"column":9},"end":{"line":13,"column":84}},"type":"if","locations":[{"start":{"line":13,"column":9},"end":{"line":13,"column":84}},{"start":{},"end":{}}],"line":13},"3":{"loc":{"start":{"line":14,"column":9},"end":{"line":14,"column":93}},"type":"if","locations":[{"start":{"line":14,"column":9},"end":{"line":14,"column":93}},{"start":{},"end":{}}],"line":14},"4":{"loc":{"start":{"line":15,"column":9},"end":{"line":15,"column":87}},"type":"if","locations":[{"start":{"line":15,"column":9},"end":{"line":15,"column":87}},{"start":{},"end":{}}],"line":15},"5":{"loc":{"start":{"line":16,"column":9},"end":{"line":21,"column":10}},"type":"if","locations":[{"start":{"line":16,"column":9},"end":{"line":21,"column":10}},{"start":{},"end":{}}],"line":16}},"s":{"0":5,"1":5,"2":5,"3":5,"4":0,"5":0,"6":0,"7":0,"8":0,"9":0,"10":0,"11":0,"12":0,"13":0,"14":0,"15":0,"16":0,"17":0,"18":0,"19":0,"20":0,"21":0,"22":0,"23":0,"24":0,"25":0,"26":0,"27":0,"28":0,"29":0,"30":0,"31":0,"32":5},"f":{"0":0,"1":0},"b":{"0":[0,0],"1":[0,0],"2":[0,0],"3":[0,0],"4":[0,0],"5":[0,0]},"_coverageSchema":"1a1c01bbd47fc00a2c39e90264f33305004495a9","hash":"965b778344460684a72e0da3b8d6b1b7c2966e02"}
,"D:\\Hacktiv8\\Fase 3\\Final Project\\WO\\back-end\\controller\\package.js": {"path":"D:\\Hacktiv8\\Fase 3\\Final Project\\WO\\back-end\\controller\\package.js","statementMap":{"0":{"start":{"line":1,"column":21},"end":{"line":1,"column":39}},"1":{"start":{"line":2,"column":16},"end":{"line":2,"column":43}},"2":{"start":{"line":6,"column":17},"end":{"line":6,"column":46}},"3":{"start":{"line":7,"column":18},"end":{"line":7,"column":70}},"4":{"start":{"line":8,"column":19},"end":{"line":8,"column":41}},"5":{"start":{"line":9,"column":24},"end":{"line":9,"column":50}},"6":{"start":{"line":10,"column":21},"end":{"line":10,"column":45}},"7":{"start":{"line":12,"column":4},"end":{"line":32,"column":5}},"8":{"start":{"line":13,"column":27},"end":{"line":13,"column":29}},"9":{"start":{"line":15,"column":6},"end":{"line":18,"column":7}},"10":{"start":{"line":16,"column":22},"end":{"line":16,"column":45}},"11":{"start":{"line":17,"column":8},"end":{"line":17,"column":67}},"12":{"start":{"line":20,"column":6},"end":{"line":22,"column":7}},"13":{"start":{"line":21,"column":8},"end":{"line":21,"column":62}},"14":{"start":{"line":24,"column":6},"end":{"line":24,"column":55}},"15":{"start":{"line":25,"column":6},"end":{"line":25,"column":43}},"16":{"start":{"line":26,"column":6},"end":{"line":26,"column":60}},"17":{"start":{"line":28,"column":23},"end":{"line":28,"column":66}},"18":{"start":{"line":29,"column":6},"end":{"line":29,"column":54}},"19":{"start":{"line":31,"column":6},"end":{"line":31,"column":18}},"20":{"start":{"line":36,"column":22},"end":{"line":36,"column":42}},"21":{"start":{"line":37,"column":4},"end":{"line":45,"column":5}},"22":{"start":{"line":38,"column":26},"end":{"line":38,"column":80}},"23":{"start":{"line":39,"column":6},"end":{"line":41,"column":7}},"24":{"start":{"line":40,"column":8},"end":{"line":40,"column":65}},"25":{"start":{"line":42,"column":6},"end":{"line":42,"column":40}},"26":{"start":{"line":44,"column":6},"end":{"line":44,"column":18}},"27":{"start":{"line":49,"column":61},"end":{"line":49,"column":69}},"28":{"start":{"line":50,"column":4},"end":{"line":61,"column":5}},"29":{"start":{"line":51,"column":6},"end":{"line":53,"column":7}},"30":{"start":{"line":52,"column":8},"end":{"line":52,"column":94}},"31":{"start":{"line":54,"column":6},"end":{"line":56,"column":7}},"32":{"start":{"line":55,"column":8},"end":{"line":55,"column":104}},"33":{"start":{"line":57,"column":25},"end":{"line":57,"column":102}},"34":{"start":{"line":58,"column":6},"end":{"line":58,"column":77}},"35":{"start":{"line":60,"column":6},"end":{"line":60,"column":18}},"36":{"start":{"line":65,"column":22},"end":{"line":65,"column":42}},"37":{"start":{"line":66,"column":4},"end":{"line":78,"column":5}},"38":{"start":{"line":67,"column":6},"end":{"line":69,"column":7}},"39":{"start":{"line":68,"column":8},"end":{"line":68,"column":94}},"40":{"start":{"line":70,"column":26},"end":{"line":70,"column":80}},"41":{"start":{"line":71,"column":6},"end":{"line":73,"column":7}},"42":{"start":{"line":72,"column":8},"end":{"line":72,"column":65}},"43":{"start":{"line":74,"column":6},"end":{"line":74,"column":59}},"44":{"start":{"line":75,"column":6},"end":{"line":75,"column":72}},"45":{"start":{"line":77,"column":6},"end":{"line":77,"column":18}},"46":{"start":{"line":82,"column":22},"end":{"line":82,"column":42}},"47":{"start":{"line":83,"column":61},"end":{"line":83,"column":69}},"48":{"start":{"line":84,"column":4},"end":{"line":97,"column":5}},"49":{"start":{"line":85,"column":6},"end":{"line":87,"column":7}},"50":{"start":{"line":86,"column":8},"end":{"line":86,"column":94}},"51":{"start":{"line":88,"column":26},"end":{"line":88,"column":80}},"52":{"start":{"line":89,"column":6},"end":{"line":91,"column":7}},"53":{"start":{"line":90,"column":8},"end":{"line":90,"column":65}},"54":{"start":{"line":93,"column":6},"end":{"line":93,"column":107}},"55":{"start":{"line":94,"column":6},"end":{"line":94,"column":72}},"56":{"start":{"line":96,"column":6},"end":{"line":96,"column":18}},"57":{"start":{"line":100,"column":26},"end":{"line":100,"column":36}},"58":{"start":{"line":101,"column":4},"end":{"line":149,"column":5}},"59":{"start":{"line":102,"column":6},"end":{"line":102,"column":74}},"60":{"start":{"line":103,"column":6},"end":{"line":105,"column":7}},"61":{"start":{"line":104,"column":8},"end":{"line":104,"column":94}},"62":{"start":{"line":106,"column":6},"end":{"line":108,"column":7}},"63":{"start":{"line":107,"column":8},"end":{"line":107,"column":68}},"64":{"start":{"line":109,"column":26},"end":{"line":109,"column":80}},"65":{"start":{"line":110,"column":6},"end":{"line":112,"column":7}},"66":{"start":{"line":111,"column":8},"end":{"line":111,"column":65}},"67":{"start":{"line":113,"column":25},"end":{"line":113,"column":49}},"68":{"start":{"line":115,"column":6},"end":{"line":119,"column":9}},"69":{"start":{"line":121,"column":29},"end":{"line":129,"column":8}},"70":{"start":{"line":122,"column":25},"end":{"line":122,"column":38}},"71":{"start":{"line":123,"column":21},"end":{"line":123,"column":64}},"72":{"start":{"line":124,"column":24},"end":{"line":124,"column":57}},"73":{"start":{"line":125,"column":8},"end":{"line":128,"column":11}},"74":{"start":{"line":131,"column":22},"end":{"line":131,"column":55}},"75":{"start":{"line":133,"column":21},"end":{"line":135,"column":8}},"76":{"start":{"line":134,"column":8},"end":{"line":134,"column":27}},"77":{"start":{"line":136,"column":6},"end":{"line":136,"column":71}},"78":{"start":{"line":138,"column":19},"end":{"line":138,"column":82}},"79":{"start":{"line":140,"column":6},"end":{"line":144,"column":7}},"80":{"start":{"line":141,"column":8},"end":{"line":141,"column":82}},"81":{"start":{"line":143,"column":8},"end":{"line":143,"column":64}},"82":{"start":{"line":146,"column":6},"end":{"line":146,"column":20}},"83":{"start":{"line":148,"column":6},"end":{"line":148,"column":18}},"84":{"start":{"line":153,"column":0},"end":{"line":153,"column":35}}},"fnMap":{"0":{"name":"(anonymous_0)","decl":{"start":{"line":5,"column":2},"end":{"line":5,"column":3}},"loc":{"start":{"line":5,"column":46},"end":{"line":33,"column":3}},"line":5},"1":{"name":"(anonymous_1)","decl":{"start":{"line":35,"column":2},"end":{"line":35,"column":3}},"loc":{"start":{"line":35,"column":46},"end":{"line":46,"column":3}},"line":35},"2":{"name":"(anonymous_2)","decl":{"start":{"line":48,"column":2},"end":{"line":48,"column":3}},"loc":{"start":{"line":48,"column":45},"end":{"line":62,"column":3}},"line":48},"3":{"name":"(anonymous_3)","decl":{"start":{"line":64,"column":2},"end":{"line":64,"column":3}},"loc":{"start":{"line":64,"column":45},"end":{"line":79,"column":3}},"line":64},"4":{"name":"(anonymous_4)","decl":{"start":{"line":81,"column":2},"end":{"line":81,"column":3}},"loc":{"start":{"line":81,"column":43},"end":{"line":98,"column":3}},"line":81},"5":{"name":"(anonymous_5)","decl":{"start":{"line":99,"column":2},"end":{"line":99,"column":3}},"loc":{"start":{"line":99,"column":41},"end":{"line":150,"column":3}},"line":99},"6":{"name":"(anonymous_6)","decl":{"start":{"line":121,"column":43},"end":{"line":121,"column":44}},"loc":{"start":{"line":121,"column":59},"end":{"line":129,"column":7}},"line":121},"7":{"name":"(anonymous_7)","decl":{"start":{"line":133,"column":33},"end":{"line":133,"column":34}},"loc":{"start":{"line":133,"column":46},"end":{"line":135,"column":7}},"line":133}},"branchMap":{"0":{"loc":{"start":{"line":6,"column":17},"end":{"line":6,"column":46}},"type":"binary-expr","locations":[{"start":{"line":6,"column":17},"end":{"line":6,"column":41}},{"start":{"line":6,"column":45},"end":{"line":6,"column":46}}],"line":6},"1":{"loc":{"start":{"line":7,"column":18},"end":{"line":7,"column":70}},"type":"binary-expr","locations":[{"start":{"line":7,"column":18},"end":{"line":7,"column":43}},{"start":{"line":7,"column":47},"end":{"line":7,"column":70}}],"line":7},"2":{"loc":{"start":{"line":8,"column":19},"end":{"line":8,"column":41}},"type":"binary-expr","locations":[{"start":{"line":8,"column":19},"end":{"line":8,"column":35}},{"start":{"line":8,"column":39},"end":{"line":8,"column":41}}],"line":8},"3":{"loc":{"start":{"line":9,"column":24},"end":{"line":9,"column":50}},"type":"binary-expr","locations":[{"start":{"line":9,"column":24},"end":{"line":9,"column":45}},{"start":{"line":9,"column":49},"end":{"line":9,"column":50}}],"line":9},"4":{"loc":{"start":{"line":10,"column":21},"end":{"line":10,"column":45}},"type":"binary-expr","locations":[{"start":{"line":10,"column":21},"end":{"line":10,"column":39}},{"start":{"line":10,"column":43},"end":{"line":10,"column":45}}],"line":10},"5":{"loc":{"start":{"line":15,"column":6},"end":{"line":18,"column":7}},"type":"if","locations":[{"start":{"line":15,"column":6},"end":{"line":18,"column":7}},{"start":{},"end":{}}],"line":15},"6":{"loc":{"start":{"line":20,"column":6},"end":{"line":22,"column":7}},"type":"if","locations":[{"start":{"line":20,"column":6},"end":{"line":22,"column":7}},{"start":{},"end":{}}],"line":20},"7":{"loc":{"start":{"line":39,"column":6},"end":{"line":41,"column":7}},"type":"if","locations":[{"start":{"line":39,"column":6},"end":{"line":41,"column":7}},{"start":{},"end":{}}],"line":39},"8":{"loc":{"start":{"line":51,"column":6},"end":{"line":53,"column":7}},"type":"if","locations":[{"start":{"line":51,"column":6},"end":{"line":53,"column":7}},{"start":{},"end":{}}],"line":51},"9":{"loc":{"start":{"line":54,"column":6},"end":{"line":56,"column":7}},"type":"if","locations":[{"start":{"line":54,"column":6},"end":{"line":56,"column":7}},{"start":{},"end":{}}],"line":54},"10":{"loc":{"start":{"line":54,"column":10},"end":{"line":54,"column":54}},"type":"binary-expr","locations":[{"start":{"line":54,"column":10},"end":{"line":54,"column":15}},{"start":{"line":54,"column":19},"end":{"line":54,"column":31}},{"start":{"line":54,"column":35},"end":{"line":54,"column":44}},{"start":{"line":54,"column":48},"end":{"line":54,"column":54}}],"line":54},"11":{"loc":{"start":{"line":67,"column":6},"end":{"line":69,"column":7}},"type":"if","locations":[{"start":{"line":67,"column":6},"end":{"line":69,"column":7}},{"start":{},"end":{}}],"line":67},"12":{"loc":{"start":{"line":71,"column":6},"end":{"line":73,"column":7}},"type":"if","locations":[{"start":{"line":71,"column":6},"end":{"line":73,"column":7}},{"start":{},"end":{}}],"line":71},"13":{"loc":{"start":{"line":85,"column":6},"end":{"line":87,"column":7}},"type":"if","locations":[{"start":{"line":85,"column":6},"end":{"line":87,"column":7}},{"start":{},"end":{}}],"line":85},"14":{"loc":{"start":{"line":89,"column":6},"end":{"line":91,"column":7}},"type":"if","locations":[{"start":{"line":89,"column":6},"end":{"line":91,"column":7}},{"start":{},"end":{}}],"line":89},"15":{"loc":{"start":{"line":103,"column":6},"end":{"line":105,"column":7}},"type":"if","locations":[{"start":{"line":103,"column":6},"end":{"line":105,"column":7}},{"start":{},"end":{}}],"line":103},"16":{"loc":{"start":{"line":106,"column":6},"end":{"line":108,"column":7}},"type":"if","locations":[{"start":{"line":106,"column":6},"end":{"line":108,"column":7}},{"start":{},"end":{}}],"line":106},"17":{"loc":{"start":{"line":110,"column":6},"end":{"line":112,"column":7}},"type":"if","locations":[{"start":{"line":110,"column":6},"end":{"line":112,"column":7}},{"start":{},"end":{}}],"line":110},"18":{"loc":{"start":{"line":140,"column":6},"end":{"line":144,"column":7}},"type":"if","locations":[{"start":{"line":140,"column":6},"end":{"line":144,"column":7}},{"start":{"line":142,"column":13},"end":{"line":144,"column":7}}],"line":140}},"s":{"0":5,"1":5,"2":1,"3":1,"4":1,"5":1,"6":1,"7":1,"8":1,"9":1,"10":0,"11":0,"12":1,"13":0,"14":1,"15":1,"16":1,"17":1,"18":1,"19":0,"20":2,"21":2,"22":2,"23":2,"24":1,"25":1,"26":1,"27":6,"28":6,"29":6,"30":1,"31":5,"32":4,"33":1,"34":1,"35":5,"36":3,"37":3,"38":3,"39":1,"40":2,"41":2,"42":1,"43":1,"44":1,"45":2,"46":3,"47":3,"48":3,"49":3,"50":1,"51":2,"52":2,"53":1,"54":1,"55":1,"56":2,"57":3,"58":3,"59":3,"60":3,"61":1,"62":2,"63":0,"64":2,"65":2,"66":1,"67":1,"68":1,"69":1,"70":2,"71":2,"72":2,"73":2,"74":1,"75":1,"76":2,"77":1,"78":1,"79":1,"80":1,"81":0,"82":1,"83":2,"84":5},"f":{"0":1,"1":2,"2":6,"3":3,"4":3,"5":3,"6":2,"7":2},"b":{"0":[1,1],"1":[1,1],"2":[1,1],"3":[1,1],"4":[1,1],"5":[0,1],"6":[0,1],"7":[1,1],"8":[1,5],"9":[4,1],"10":[5,4,3,2],"11":[1,2],"12":[1,1],"13":[1,2],"14":[1,1],"15":[1,2],"16":[0,2],"17":[1,1],"18":[1,0]},"_coverageSchema":"1a1c01bbd47fc00a2c39e90264f33305004495a9","hash":"01f609850f9092776bc759cafb24725d838e8510"}
,"D:\\Hacktiv8\\Fase 3\\Final Project\\WO\\back-end\\controller\\payment.js": {"path":"D:\\Hacktiv8\\Fase 3\\Final Project\\WO\\back-end\\controller\\payment.js","statementMap":{"0":{"start":{"line":1,"column":23},"end":{"line":1,"column":49}},"1":{"start":{"line":2,"column":16},"end":{"line":2,"column":43}},"2":{"start":{"line":4,"column":13},"end":{"line":8,"column":2}},"3":{"start":{"line":12,"column":4},"end":{"line":51,"column":5}},"4":{"start":{"line":13,"column":110},"end":{"line":13,"column":118}},"5":{"start":{"line":14,"column":21},"end":{"line":14,"column":41}},"6":{"start":{"line":16,"column":6},"end":{"line":18,"column":7}},"7":{"start":{"line":17,"column":8},"end":{"line":17,"column":85}},"8":{"start":{"line":20,"column":24},"end":{"line":43,"column":7}},"9":{"start":{"line":45,"column":26},"end":{"line":45,"column":65}},"10":{"start":{"line":47,"column":6},"end":{"line":47,"column":40}},"11":{"start":{"line":49,"column":6},"end":{"line":49,"column":33}},"12":{"start":{"line":50,"column":6},"end":{"line":50,"column":18}},"13":{"start":{"line":55,"column":4},"end":{"line":74,"column":5}},"14":{"start":{"line":56,"column":31},"end":{"line":56,"column":39}},"15":{"start":{"line":57,"column":6},"end":{"line":57,"column":103}},"16":{"start":{"line":58,"column":29},"end":{"line":58,"column":82}},"17":{"start":{"line":59,"column":6},"end":{"line":59,"column":99}},"18":{"start":{"line":61,"column":39},"end":{"line":61,"column":73}},"19":{"start":{"line":62,"column":32},"end":{"line":62,"column":65}},"20":{"start":{"line":64,"column":6},"end":{"line":70,"column":7}},"21":{"start":{"line":65,"column":8},"end":{"line":65,"column":67}},"22":{"start":{"line":66,"column":8},"end":{"line":66,"column":61}},"23":{"start":{"line":67,"column":13},"end":{"line":70,"column":7}},"24":{"start":{"line":68,"column":8},"end":{"line":68,"column":67}},"25":{"start":{"line":69,"column":8},"end":{"line":69,"column":61}},"26":{"start":{"line":72,"column":6},"end":{"line":72,"column":33}},"27":{"start":{"line":73,"column":6},"end":{"line":73,"column":18}},"28":{"start":{"line":78,"column":0},"end":{"line":78,"column":35}}},"fnMap":{"0":{"name":"(anonymous_0)","decl":{"start":{"line":11,"column":2},"end":{"line":11,"column":3}},"loc":{"start":{"line":11,"column":49},"end":{"line":52,"column":3}},"line":11},"1":{"name":"(anonymous_1)","decl":{"start":{"line":54,"column":2},"end":{"line":54,"column":3}},"loc":{"start":{"line":54,"column":50},"end":{"line":75,"column":3}},"line":54}},"branchMap":{"0":{"loc":{"start":{"line":16,"column":6},"end":{"line":18,"column":7}},"type":"if","locations":[{"start":{"line":16,"column":6},"end":{"line":18,"column":7}},{"start":{},"end":{}}],"line":16},"1":{"loc":{"start":{"line":16,"column":10},"end":{"line":16,"column":33}},"type":"binary-expr","locations":[{"start":{"line":16,"column":10},"end":{"line":16,"column":19}},{"start":{"line":16,"column":23},"end":{"line":16,"column":33}}],"line":16},"2":{"loc":{"start":{"line":64,"column":6},"end":{"line":70,"column":7}},"type":"if","locations":[{"start":{"line":64,"column":6},"end":{"line":70,"column":7}},{"start":{"line":67,"column":13},"end":{"line":70,"column":7}}],"line":64},"3":{"loc":{"start":{"line":67,"column":13},"end":{"line":70,"column":7}},"type":"if","locations":[{"start":{"line":67,"column":13},"end":{"line":70,"column":7}},{"start":{},"end":{}}],"line":67}},"s":{"0":5,"1":5,"2":5,"3":4,"4":4,"5":4,"6":4,"7":3,"8":1,"9":1,"10":1,"11":3,"12":3,"13":2,"14":2,"15":2,"16":2,"17":2,"18":2,"19":2,"20":2,"21":1,"22":1,"23":1,"24":1,"25":1,"26":0,"27":0,"28":5},"f":{"0":4,"1":2},"b":{"0":[3,1],"1":[4,2],"2":[1,1],"3":[1,0]},"_coverageSchema":"1a1c01bbd47fc00a2c39e90264f33305004495a9","hash":"70c3bf0717c312cfbc3f30cb06dff59e0612c841"}
,"D:\\Hacktiv8\\Fase 3\\Final Project\\WO\\back-end\\controller\\user.js": {"path":"D:\\Hacktiv8\\Fase 3\\Final Project\\WO\\back-end\\controller\\user.js","statementMap":{"0":{"start":{"line":1,"column":17},"end":{"line":1,"column":40}},"1":{"start":{"line":2,"column":13},"end":{"line":2,"column":37}},"2":{"start":{"line":3,"column":25},"end":{"line":3,"column":55}},"3":{"start":{"line":4,"column":15},"end":{"line":4,"column":33}},"4":{"start":{"line":8,"column":4},"end":{"line":27,"column":5}},"5":{"start":{"line":9,"column":50},"end":{"line":9,"column":58}},"6":{"start":{"line":10,"column":6},"end":{"line":11,"column":66}},"7":{"start":{"line":11,"column":8},"end":{"line":11,"column":66}},"8":{"start":{"line":12,"column":6},"end":{"line":13,"column":67}},"9":{"start":{"line":13,"column":8},"end":{"line":13,"column":67}},"10":{"start":{"line":14,"column":6},"end":{"line":15,"column":70}},"11":{"start":{"line":15,"column":8},"end":{"line":15,"column":70}},"12":{"start":{"line":16,"column":6},"end":{"line":17,"column":70}},"13":{"start":{"line":17,"column":8},"end":{"line":17,"column":70}},"14":{"start":{"line":18,"column":25},"end":{"line":23,"column":8}},"15":{"start":{"line":24,"column":6},"end":{"line":24,"column":39}},"16":{"start":{"line":26,"column":6},"end":{"line":26,"column":18}},"17":{"start":{"line":30,"column":4},"end":{"line":39,"column":5}},"18":{"start":{"line":31,"column":34},"end":{"line":31,"column":42}},"19":{"start":{"line":32,"column":6},"end":{"line":32,"column":77}},"20":{"start":{"line":32,"column":18},"end":{"line":32,"column":77}},"21":{"start":{"line":33,"column":6},"end":{"line":34,"column":70}},"22":{"start":{"line":34,"column":8},"end":{"line":34,"column":70}},"23":{"start":{"line":35,"column":21},"end":{"line":35,"column":54}},"24":{"start":{"line":36,"column":6},"end":{"line":36,"column":53}},"25":{"start":{"line":38,"column":6},"end":{"line":38,"column":18}},"26":{"start":{"line":42,"column":4},"end":{"line":60,"column":5}},"27":{"start":{"line":43,"column":30},"end":{"line":43,"column":38}},"28":{"start":{"line":45,"column":8},"end":{"line":45,"column":82}},"29":{"start":{"line":47,"column":6},"end":{"line":48,"column":74}},"30":{"start":{"line":48,"column":8},"end":{"line":48,"column":74}},"31":{"start":{"line":49,"column":21},"end":{"line":52,"column":8}},"32":{"start":{"line":53,"column":30},"end":{"line":53,"column":49}},"33":{"start":{"line":55,"column":21},"end":{"line":55,"column":57}},"34":{"start":{"line":57,"column":6},"end":{"line":57,"column":53}},"35":{"start":{"line":59,"column":6},"end":{"line":59,"column":18}},"36":{"start":{"line":63,"column":0},"end":{"line":63,"column":32}}},"fnMap":{"0":{"name":"(anonymous_0)","decl":{"start":{"line":7,"column":2},"end":{"line":7,"column":3}},"loc":{"start":{"line":7,"column":40},"end":{"line":28,"column":3}},"line":7},"1":{"name":"(anonymous_1)","decl":{"start":{"line":29,"column":2},"end":{"line":29,"column":3}},"loc":{"start":{"line":29,"column":37},"end":{"line":40,"column":3}},"line":29},"2":{"name":"(anonymous_2)","decl":{"start":{"line":41,"column":2},"end":{"line":41,"column":3}},"loc":{"start":{"line":41,"column":43},"end":{"line":61,"column":3}},"line":41}},"branchMap":{"0":{"loc":{"start":{"line":10,"column":6},"end":{"line":11,"column":66}},"type":"if","locations":[{"start":{"line":10,"column":6},"end":{"line":11,"column":66}},{"start":{},"end":{}}],"line":10},"1":{"loc":{"start":{"line":12,"column":6},"end":{"line":13,"column":67}},"type":"if","locations":[{"start":{"line":12,"column":6},"end":{"line":13,"column":67}},{"start":{},"end":{}}],"line":12},"2":{"loc":{"start":{"line":14,"column":6},"end":{"line":15,"column":70}},"type":"if","locations":[{"start":{"line":14,"column":6},"end":{"line":15,"column":70}},{"start":{},"end":{}}],"line":14},"3":{"loc":{"start":{"line":16,"column":6},"end":{"line":17,"column":70}},"type":"if","locations":[{"start":{"line":16,"column":6},"end":{"line":17,"column":70}},{"start":{},"end":{}}],"line":16},"4":{"loc":{"start":{"line":32,"column":6},"end":{"line":32,"column":77}},"type":"if","locations":[{"start":{"line":32,"column":6},"end":{"line":32,"column":77}},{"start":{},"end":{}}],"line":32},"5":{"loc":{"start":{"line":33,"column":6},"end":{"line":34,"column":70}},"type":"if","locations":[{"start":{"line":33,"column":6},"end":{"line":34,"column":70}},{"start":{},"end":{}}],"line":33},"6":{"loc":{"start":{"line":47,"column":6},"end":{"line":48,"column":74}},"type":"if","locations":[{"start":{"line":47,"column":6},"end":{"line":48,"column":74}},{"start":{},"end":{}}],"line":47}},"s":{"0":5,"1":5,"2":5,"3":5,"4":7,"5":7,"6":7,"7":1,"8":6,"9":1,"10":5,"11":1,"12":4,"13":1,"14":3,"15":1,"16":6,"17":6,"18":6,"19":6,"20":1,"21":5,"22":1,"23":4,"24":1,"25":5,"26":3,"27":3,"28":3,"29":3,"30":1,"31":2,"32":0,"33":0,"34":0,"35":3,"36":5},"f":{"0":7,"1":6,"2":3},"b":{"0":[1,6],"1":[1,5],"2":[1,4],"3":[1,3],"4":[1,5],"5":[1,4],"6":[1,2]},"_coverageSchema":"1a1c01bbd47fc00a2c39e90264f33305004495a9","hash":"49ee7e70964be67d16295878ed4fc0f0948f749a"}
,"D:\\Hacktiv8\\Fase 3\\Final Project\\WO\\back-end\\helper\\bcrypt.js": {"path":"D:\\Hacktiv8\\Fase 3\\Final Project\\WO\\back-end\\helper\\bcrypt.js","statementMap":{"0":{"start":{"line":1,"column":15},"end":{"line":1,"column":34}},"1":{"start":{"line":3,"column":13},"end":{"line":3,"column":35}},"2":{"start":{"line":4,"column":13},"end":{"line":4,"column":41}},"3":{"start":{"line":5,"column":2},"end":{"line":5,"column":24}},"4":{"start":{"line":7,"column":0},"end":{"line":7,"column":22}}},"fnMap":{"0":{"name":"hash","decl":{"start":{"line":2,"column":9},"end":{"line":2,"column":13}},"loc":{"start":{"line":2,"column":21},"end":{"line":6,"column":1}},"line":2}},"branchMap":{},"s":{"0":5,"1":1,"2":1,"3":1,"4":5},"f":{"0":1},"b":{},"_coverageSchema":"1a1c01bbd47fc00a2c39e90264f33305004495a9","hash":"2322a23f0b924839d9fab545851e8819b97c80e0"}
,"D:\\Hacktiv8\\Fase 3\\Final Project\\WO\\back-end\\helper\\jwt.js": {"path":"D:\\Hacktiv8\\Fase 3\\Final Project\\WO\\back-end\\helper\\jwt.js","statementMap":{"0":{"start":{"line":1,"column":21},"end":{"line":1,"column":44}},"1":{"start":{"line":3,"column":15},"end":{"line":3,"column":25}},"2":{"start":{"line":6,"column":2},"end":{"line":6,"column":42}},"3":{"start":{"line":10,"column":2},"end":{"line":10,"column":51}},"4":{"start":{"line":12,"column":0},"end":{"line":12,"column":44}}},"fnMap":{"0":{"name":"signToken","decl":{"start":{"line":5,"column":9},"end":{"line":5,"column":18}},"loc":{"start":{"line":5,"column":26},"end":{"line":7,"column":1}},"line":5},"1":{"name":"verifyToken","decl":{"start":{"line":9,"column":9},"end":{"line":9,"column":20}},"loc":{"start":{"line":9,"column":35},"end":{"line":11,"column":1}},"line":9}},"branchMap":{},"s":{"0":5,"1":5,"2":5,"3":21,"4":5},"f":{"0":5,"1":21},"b":{},"_coverageSchema":"1a1c01bbd47fc00a2c39e90264f33305004495a9","hash":"9f7749db1973c063f771bba2ad9416a0bb3eceb9"}
,"D:\\Hacktiv8\\Fase 3\\Final Project\\WO\\back-end\\middleware\\authentication.js": {"path":"D:\\Hacktiv8\\Fase 3\\Final Project\\WO\\back-end\\middleware\\authentication.js","statementMap":{"0":{"start":{"line":1,"column":24},"end":{"line":1,"column":48}},"1":{"start":{"line":2,"column":13},"end":{"line":2,"column":37}},"2":{"start":{"line":4,"column":23},"end":{"line":22,"column":1}},"3":{"start":{"line":5,"column":2},"end":{"line":21,"column":3}},"4":{"start":{"line":6,"column":24},"end":{"line":6,"column":49}},"5":{"start":{"line":8,"column":4},"end":{"line":8,"column":96}},"6":{"start":{"line":8,"column":22},"end":{"line":8,"column":96}},"7":{"start":{"line":9,"column":25},"end":{"line":9,"column":60}},"8":{"start":{"line":11,"column":4},"end":{"line":11,"column":80}},"9":{"start":{"line":11,"column":23},"end":{"line":11,"column":80}},"10":{"start":{"line":12,"column":19},"end":{"line":12,"column":44}},"11":{"start":{"line":14,"column":17},"end":{"line":14,"column":40}},"12":{"start":{"line":16,"column":4},"end":{"line":16,"column":78}},"13":{"start":{"line":16,"column":15},"end":{"line":16,"column":78}},"14":{"start":{"line":17,"column":4},"end":{"line":17,"column":20}},"15":{"start":{"line":18,"column":4},"end":{"line":18,"column":11}},"16":{"start":{"line":20,"column":4},"end":{"line":20,"column":16}},"17":{"start":{"line":23,"column":0},"end":{"line":23,"column":32}}},"fnMap":{"0":{"name":"(anonymous_0)","decl":{"start":{"line":4,"column":23},"end":{"line":4,"column":24}},"loc":{"start":{"line":4,"column":49},"end":{"line":22,"column":1}},"line":4}},"branchMap":{"0":{"loc":{"start":{"line":8,"column":4},"end":{"line":8,"column":96}},"type":"if","locations":[{"start":{"line":8,"column":4},"end":{"line":8,"column":96}},{"start":{},"end":{}}],"line":8},"1":{"loc":{"start":{"line":11,"column":4},"end":{"line":11,"column":80}},"type":"if","locations":[{"start":{"line":11,"column":4},"end":{"line":11,"column":80}},{"start":{},"end":{}}],"line":11},"2":{"loc":{"start":{"line":16,"column":4},"end":{"line":16,"column":78}},"type":"if","locations":[{"start":{"line":16,"column":4},"end":{"line":16,"column":78}},{"start":{},"end":{}}],"line":16}},"s":{"0":5,"1":5,"2":5,"3":27,"4":27,"5":27,"6":6,"7":21,"8":21,"9":0,"10":21,"11":21,"12":21,"13":0,"14":21,"15":21,"16":6,"17":5},"f":{"0":27},"b":{"0":[6,21],"1":[0,21],"2":[0,21]},"_coverageSchema":"1a1c01bbd47fc00a2c39e90264f33305004495a9","hash":"e7af9664886c0e59c0c84811a4f5e6ca843365cf"}
,"D:\\Hacktiv8\\Fase 3\\Final Project\\WO\\back-end\\middleware\\errorHandler.js": {"path":"D:\\Hacktiv8\\Fase 3\\Final Project\\WO\\back-end\\middleware\\errorHandler.js","statementMap":{"0":{"start":{"line":2,"column":19},"end":{"line":2,"column":22}},"1":{"start":{"line":3,"column":21},"end":{"line":3,"column":44}},"2":{"start":{"line":4,"column":2},"end":{"line":4,"column":39}},"3":{"start":{"line":5,"column":2},"end":{"line":5,"column":45}},"4":{"start":{"line":6,"column":2},"end":{"line":22,"column":3}},"5":{"start":{"line":8,"column":6},"end":{"line":8,"column":23}},"6":{"start":{"line":9,"column":6},"end":{"line":9,"column":50}},"7":{"start":{"line":10,"column":6},"end":{"line":10,"column":12}},"8":{"start":{"line":12,"column":6},"end":{"line":12,"column":23}},"9":{"start":{"line":13,"column":6},"end":{"line":13,"column":51}},"10":{"start":{"line":14,"column":6},"end":{"line":14,"column":12}},"11":{"start":{"line":16,"column":6},"end":{"line":16,"column":23}},"12":{"start":{"line":17,"column":6},"end":{"line":17,"column":48}},"13":{"start":{"line":18,"column":6},"end":{"line":18,"column":12}},"14":{"start":{"line":20,"column":6},"end":{"line":20,"column":23}},"15":{"start":{"line":21,"column":6},"end":{"line":21,"column":45}},"16":{"start":{"line":23,"column":2},"end":{"line":23,"column":57}},"17":{"start":{"line":26,"column":0},"end":{"line":26,"column":30}}},"fnMap":{"0":{"name":"errorHandler","decl":{"start":{"line":1,"column":9},"end":{"line":1,"column":21}},"loc":{"start":{"line":1,"column":43},"end":{"line":24,"column":1}},"line":1}},"branchMap":{"0":{"loc":{"start":{"line":6,"column":2},"end":{"line":22,"column":3}},"type":"switch","locations":[{"start":{"line":7,"column":4},"end":{"line":10,"column":12}},{"start":{"line":11,"column":4},"end":{"line":14,"column":12}},{"start":{"line":15,"column":4},"end":{"line":18,"column":12}},{"start":{"line":19,"column":4},"end":{"line":21,"column":45}}],"line":6},"1":{"loc":{"start":{"line":9,"column":21},"end":{"line":9,"column":49}},"type":"binary-expr","locations":[{"start":{"line":9,"column":21},"end":{"line":9,"column":32}},{"start":{"line":9,"column":36},"end":{"line":9,"column":49}}],"line":9},"2":{"loc":{"start":{"line":13,"column":21},"end":{"line":13,"column":50}},"type":"binary-expr","locations":[{"start":{"line":13,"column":21},"end":{"line":13,"column":32}},{"start":{"line":13,"column":36},"end":{"line":13,"column":50}}],"line":13},"3":{"loc":{"start":{"line":17,"column":21},"end":{"line":17,"column":47}},"type":"binary-expr","locations":[{"start":{"line":17,"column":21},"end":{"line":17,"column":32}},{"start":{"line":17,"column":36},"end":{"line":17,"column":47}}],"line":17}},"s":{"0":35,"1":35,"2":35,"3":35,"4":35,"5":16,"6":16,"7":16,"8":13,"9":13,"10":13,"11":4,"12":4,"13":4,"14":2,"15":2,"16":35,"17":5},"f":{"0":35},"b":{"0":[16,13,4,2],"1":[16,0],"2":[13,0],"3":[4,0]},"_coverageSchema":"1a1c01bbd47fc00a2c39e90264f33305004495a9","hash":"94b7cfba025ebe2ca0641befa972884ed4dbca05"}
,"D:\\Hacktiv8\\Fase 3\\Final Project\\WO\\back-end\\model\\order.js": {"path":"D:\\Hacktiv8\\Fase 3\\Final Project\\WO\\back-end\\model\\order.js","statementMap":{"0":{"start":{"line":1,"column":21},"end":{"line":1,"column":39}},"1":{"start":{"line":2,"column":17},"end":{"line":2,"column":40}},"2":{"start":{"line":6,"column":17},"end":{"line":6,"column":39}},"3":{"start":{"line":7,"column":21},"end":{"line":7,"column":79}},"4":{"start":{"line":8,"column":24},"end":{"line":20,"column":8}},"5":{"start":{"line":21,"column":21},"end":{"line":21,"column":88}},"6":{"start":{"line":22,"column":6},"end":{"line":22,"column":20}},"7":{"start":{"line":25,"column":6},"end":{"line":25,"column":62}},"8":{"start":{"line":28,"column":6},"end":{"line":28,"column":68}},"9":{"start":{"line":31,"column":0},"end":{"line":31,"column":24}}},"fnMap":{"0":{"name":"(anonymous_0)","decl":{"start":{"line":5,"column":3},"end":{"line":5,"column":4}},"loc":{"start":{"line":5,"column":104},"end":{"line":23,"column":4}},"line":5},"1":{"name":"(anonymous_1)","decl":{"start":{"line":24,"column":3},"end":{"line":24,"column":4}},"loc":{"start":{"line":24,"column":32},"end":{"line":26,"column":4}},"line":24},"2":{"name":"(anonymous_2)","decl":{"start":{"line":27,"column":3},"end":{"line":27,"column":4}},"loc":{"start":{"line":27,"column":28},"end":{"line":29,"column":4}},"line":27}},"branchMap":{},"s":{"0":5,"1":5,"2":0,"3":0,"4":0,"5":0,"6":0,"7":0,"8":0,"9":5},"f":{"0":0,"1":0,"2":0},"b":{},"_coverageSchema":"1a1c01bbd47fc00a2c39e90264f33305004495a9","hash":"b4c30121681a81cbec86a572caeab2af0a88d20d"}
,"D:\\Hacktiv8\\Fase 3\\Final Project\\WO\\back-end\\model\\package.js": {"path":"D:\\Hacktiv8\\Fase 3\\Final Project\\WO\\back-end\\model\\package.js","statementMap":{"0":{"start":{"line":1,"column":17},"end":{"line":1,"column":40}},"1":{"start":{"line":5,"column":4},"end":{"line":5,"column":43}},"2":{"start":{"line":8,"column":4},"end":{"line":8,"column":63}},"3":{"start":{"line":11,"column":4},"end":{"line":11,"column":57}},"4":{"start":{"line":14,"column":4},"end":{"line":14,"column":52}},"5":{"start":{"line":17,"column":4},"end":{"line":17,"column":59}},"6":{"start":{"line":20,"column":4},"end":{"line":20,"column":82}},"7":{"start":{"line":23,"column":4},"end":{"line":23,"column":91}},"8":{"start":{"line":27,"column":0},"end":{"line":27,"column":25}}},"fnMap":{"0":{"name":"(anonymous_0)","decl":{"start":{"line":4,"column":2},"end":{"line":4,"column":3}},"loc":{"start":{"line":4,"column":22},"end":{"line":6,"column":3}},"line":4},"1":{"name":"(anonymous_1)","decl":{"start":{"line":7,"column":2},"end":{"line":7,"column":3}},"loc":{"start":{"line":7,"column":45},"end":{"line":9,"column":3}},"line":7},"2":{"name":"(anonymous_2)","decl":{"start":{"line":10,"column":2},"end":{"line":10,"column":3}},"loc":{"start":{"line":10,"column":42},"end":{"line":12,"column":3}},"line":10},"3":{"name":"(anonymous_3)","decl":{"start":{"line":13,"column":2},"end":{"line":13,"column":3}},"loc":{"start":{"line":13,"column":42},"end":{"line":15,"column":3}},"line":13},"4":{"name":"(anonymous_4)","decl":{"start":{"line":16,"column":2},"end":{"line":16,"column":3}},"loc":{"start":{"line":16,"column":40},"end":{"line":18,"column":3}},"line":16},"5":{"name":"(anonymous_5)","decl":{"start":{"line":19,"column":2},"end":{"line":19,"column":3}},"loc":{"start":{"line":19,"column":51},"end":{"line":21,"column":3}},"line":19},"6":{"name":"(anonymous_6)","decl":{"start":{"line":22,"column":2},"end":{"line":22,"column":3}},"loc":{"start":{"line":22,"column":54},"end":{"line":24,"column":3}},"line":22}},"branchMap":{},"s":{"0":5,"1":17,"2":1,"3":8,"4":3,"5":3,"6":1,"7":1,"8":5},"f":{"0":17,"1":1,"2":8,"3":3,"4":3,"5":1,"6":1},"b":{},"_coverageSchema":"1a1c01bbd47fc00a2c39e90264f33305004495a9","hash":"31903c130c2dc413a6d40bf8bf4cb8387d274542"}
,"D:\\Hacktiv8\\Fase 3\\Final Project\\WO\\back-end\\model\\payment.js": {"path":"D:\\Hacktiv8\\Fase 3\\Final Project\\WO\\back-end\\model\\payment.js","statementMap":{"0":{"start":{"line":1,"column":21},"end":{"line":1,"column":39}},"1":{"start":{"line":2,"column":17},"end":{"line":2,"column":40}},"2":{"start":{"line":6,"column":4},"end":{"line":6,"column":41}},"3":{"start":{"line":9,"column":4},"end":{"line":9,"column":104}},"4":{"start":{"line":12,"column":0},"end":{"line":12,"column":25}}},"fnMap":{"0":{"name":"(anonymous_0)","decl":{"start":{"line":5,"column":2},"end":{"line":5,"column":3}},"loc":{"start":{"line":5,"column":22},"end":{"line":7,"column":3}},"line":5},"1":{"name":"(anonymous_1)","decl":{"start":{"line":8,"column":2},"end":{"line":8,"column":3}},"loc":{"start":{"line":8,"column":47},"end":{"line":10,"column":3}},"line":8}},"branchMap":{},"s":{"0":5,"1":5,"2":2,"3":2,"4":5},"f":{"0":2,"1":2},"b":{},"_coverageSchema":"1a1c01bbd47fc00a2c39e90264f33305004495a9","hash":"d0ddad44835457d66cb5f8932f7aa431935c0a5d"}
,"D:\\Hacktiv8\\Fase 3\\Final Project\\WO\\back-end\\model\\user.js": {"path":"D:\\Hacktiv8\\Fase 3\\Final Project\\WO\\back-end\\model\\user.js","statementMap":{"0":{"start":{"line":1,"column":20},"end":{"line":1,"column":39}},"1":{"start":{"line":2,"column":17},"end":{"line":2,"column":40}},"2":{"start":{"line":3,"column":13},"end":{"line":3,"column":40}},"3":{"start":{"line":4,"column":22},"end":{"line":4,"column":46}},"4":{"start":{"line":5,"column":21},"end":{"line":5,"column":39}},"5":{"start":{"line":9,"column":15},"end":{"line":9,"column":43}},"6":{"start":{"line":11,"column":21},"end":{"line":11,"column":41}},"7":{"start":{"line":12,"column":27},"end":{"line":14,"column":5}},"8":{"start":{"line":13,"column":16},"end":{"line":13,"column":42}},"9":{"start":{"line":15,"column":4},"end":{"line":16,"column":70}},"10":{"start":{"line":16,"column":6},"end":{"line":16,"column":70}},"11":{"start":{"line":17,"column":23},"end":{"line":17,"column":74}},"12":{"start":{"line":17,"column":53},"end":{"line":17,"column":73}},"13":{"start":{"line":18,"column":4},"end":{"line":19,"column":67}},"14":{"start":{"line":19,"column":6},"end":{"line":19,"column":67}},"15":{"start":{"line":21,"column":17},"end":{"line":21,"column":31}},"16":{"start":{"line":22,"column":20},"end":{"line":28,"column":6}},"17":{"start":{"line":29,"column":19},"end":{"line":29,"column":55}},"18":{"start":{"line":30,"column":4},"end":{"line":30,"column":18}},"19":{"start":{"line":33,"column":17},"end":{"line":33,"column":64}},"20":{"start":{"line":34,"column":4},"end":{"line":34,"column":16}},"21":{"start":{"line":37,"column":19},"end":{"line":37,"column":72}},"22":{"start":{"line":38,"column":4},"end":{"line":39,"column":73}},"23":{"start":{"line":39,"column":6},"end":{"line":39,"column":73}},"24":{"start":{"line":40,"column":26},"end":{"line":40,"column":66}},"25":{"start":{"line":42,"column":4},"end":{"line":43,"column":73}},"26":{"start":{"line":43,"column":6},"end":{"line":43,"column":73}},"27":{"start":{"line":44,"column":25},"end":{"line":47,"column":6}},"28":{"start":{"line":49,"column":4},"end":{"line":49,"column":24}},"29":{"start":{"line":52,"column":15},"end":{"line":52,"column":75}},"30":{"start":{"line":54,"column":4},"end":{"line":66,"column":5}},"31":{"start":{"line":55,"column":21},"end":{"line":61,"column":8}},"32":{"start":{"line":63,"column":6},"end":{"line":65,"column":45}},"33":{"start":{"line":68,"column":25},"end":{"line":71,"column":6}},"34":{"start":{"line":73,"column":4},"end":{"line":73,"column":24}},"35":{"start":{"line":76,"column":18},"end":{"line":76,"column":34}},"36":{"start":{"line":78,"column":17},"end":{"line":78,"column":75}},"37":{"start":{"line":80,"column":4},"end":{"line":80,"column":16}},"38":{"start":{"line":83,"column":0},"end":{"line":83,"column":22}}},"fnMap":{"0":{"name":"(anonymous_0)","decl":{"start":{"line":8,"column":2},"end":{"line":8,"column":3}},"loc":{"start":{"line":8,"column":61},"end":{"line":31,"column":3}},"line":8},"1":{"name":"(anonymous_1)","decl":{"start":{"line":13,"column":6},"end":{"line":13,"column":7}},"loc":{"start":{"line":13,"column":16},"end":{"line":13,"column":42}},"line":13},"2":{"name":"(anonymous_2)","decl":{"start":{"line":17,"column":43},"end":{"line":17,"column":44}},"loc":{"start":{"line":17,"column":53},"end":{"line":17,"column":73}},"line":17},"3":{"name":"(anonymous_3)","decl":{"start":{"line":32,"column":2},"end":{"line":32,"column":3}},"loc":{"start":{"line":32,"column":25},"end":{"line":35,"column":3}},"line":32},"4":{"name":"(anonymous_4)","decl":{"start":{"line":36,"column":2},"end":{"line":36,"column":3}},"loc":{"start":{"line":36,"column":38},"end":{"line":50,"column":3}},"line":36},"5":{"name":"(anonymous_5)","decl":{"start":{"line":51,"column":2},"end":{"line":51,"column":3}},"loc":{"start":{"line":51,"column":41},"end":{"line":74,"column":3}},"line":51},"6":{"name":"(anonymous_6)","decl":{"start":{"line":75,"column":2},"end":{"line":75,"column":3}},"loc":{"start":{"line":75,"column":28},"end":{"line":81,"column":3}},"line":75}},"branchMap":{"0":{"loc":{"start":{"line":15,"column":4},"end":{"line":16,"column":70}},"type":"if","locations":[{"start":{"line":15,"column":4},"end":{"line":16,"column":70}},{"start":{},"end":{}}],"line":15},"1":{"loc":{"start":{"line":18,"column":4},"end":{"line":19,"column":67}},"type":"if","locations":[{"start":{"line":18,"column":4},"end":{"line":19,"column":67}},{"start":{},"end":{}}],"line":18},"2":{"loc":{"start":{"line":38,"column":4},"end":{"line":39,"column":73}},"type":"if","locations":[{"start":{"line":38,"column":4},"end":{"line":39,"column":73}},{"start":{},"end":{}}],"line":38},"3":{"loc":{"start":{"line":42,"column":4},"end":{"line":43,"column":73}},"type":"if","locations":[{"start":{"line":42,"column":4},"end":{"line":43,"column":73}},{"start":{},"end":{}}],"line":42},"4":{"loc":{"start":{"line":54,"column":4},"end":{"line":66,"column":5}},"type":"if","locations":[{"start":{"line":54,"column":4},"end":{"line":66,"column":5}},{"start":{},"end":{}}],"line":54}},"s":{"0":5,"1":5,"2":5,"3":5,"4":5,"5":3,"6":3,"7":3,"8":15,"9":3,"10":1,"11":2,"12":8,"13":2,"14":1,"15":1,"16":1,"17":1,"18":1,"19":3,"20":3,"21":4,"22":4,"23":2,"24":2,"25":2,"26":1,"27":1,"28":1,"29":0,"30":0,"31":0,"32":0,"33":0,"34":0,"35":21,"36":21,"37":21,"38":5},"f":{"0":3,"1":15,"2":8,"3":3,"4":4,"5":0,"6":21},"b":{"0":[1,2],"1":[1,1],"2":[2,2],"3":[1,1],"4":[0,0]},"_coverageSchema":"1a1c01bbd47fc00a2c39e90264f33305004495a9","hash":"09276a104202947a2298ed67aee48ec6594c178c"}
,"D:\\Hacktiv8\\Fase 3\\Final Project\\WO\\back-end\\router\\index.js": {"path":"D:\\Hacktiv8\\Fase 3\\Final Project\\WO\\back-end\\router\\index.js","statementMap":{"0":{"start":{"line":1,"column":16},"end":{"line":1,"column":34}},"1":{"start":{"line":2,"column":23},"end":{"line":2,"column":52}},"2":{"start":{"line":3,"column":26},"end":{"line":3,"column":58}},"3":{"start":{"line":4,"column":15},"end":{"line":4,"column":31}},"4":{"start":{"line":5,"column":23},"end":{"line":5,"column":62}},"5":{"start":{"line":6,"column":15},"end":{"line":6,"column":32}},"6":{"start":{"line":7,"column":26},"end":{"line":7,"column":58}},"7":{"start":{"line":8,"column":25},"end":{"line":8,"column":56}},"8":{"start":{"line":10,"column":0},"end":{"line":12,"column":3}},"9":{"start":{"line":11,"column":2},"end":{"line":11,"column":45}},"10":{"start":{"line":14,"column":0},"end":{"line":14,"column":50}},"11":{"start":{"line":15,"column":0},"end":{"line":15,"column":44}},"12":{"start":{"line":16,"column":0},"end":{"line":16,"column":57}},"13":{"start":{"line":18,"column":0},"end":{"line":18,"column":57}},"14":{"start":{"line":19,"column":0},"end":{"line":19,"column":84}},"15":{"start":{"line":20,"column":0},"end":{"line":20,"column":79}},"16":{"start":{"line":21,"column":0},"end":{"line":21,"column":92}},"17":{"start":{"line":22,"column":0},"end":{"line":22,"column":85}},"18":{"start":{"line":24,"column":15},"end":{"line":24,"column":58}},"19":{"start":{"line":25,"column":0},"end":{"line":25,"column":112}},"20":{"start":{"line":27,"column":0},"end":{"line":27,"column":88}},"21":{"start":{"line":28,"column":0},"end":{"line":28,"column":77}},"22":{"start":{"line":29,"column":0},"end":{"line":29,"column":72}},"23":{"start":{"line":31,"column":0},"end":{"line":31,"column":73}},"24":{"start":{"line":33,"column":0},"end":{"line":33,"column":24}}},"fnMap":{"0":{"name":"(anonymous_0)","decl":{"start":{"line":10,"column":16},"end":{"line":10,"column":17}},"loc":{"start":{"line":10,"column":30},"end":{"line":12,"column":1}},"line":10}},"branchMap":{},"s":{"0":5,"1":5,"2":5,"3":5,"4":5,"5":5,"6":5,"7":5,"8":5,"9":0,"10":5,"11":5,"12":5,"13":5,"14":5,"15":5,"16":5,"17":5,"18":5,"19":5,"20":5,"21":5,"22":5,"23":5,"24":5},"f":{"0":0},"b":{},"_coverageSchema":"1a1c01bbd47fc00a2c39e90264f33305004495a9","hash":"1e8cd315089108bb590245449df0b15ee0f2c4d3"}
}
