{"/Users/abdularifin/Desktop/back-end/app.js": {"path":"/Users/abdularifin/Desktop/back-end/app.js","statementMap":{"0":{"start":{"line":1,"column":0},"end":{"line":3,"column":1}},"1":{"start":{"line":2,"column":2},"end":{"line":2,"column":29}},"2":{"start":{"line":5,"column":16},"end":{"line":5,"column":34}},"3":{"start":{"line":6,"column":12},"end":{"line":6,"column":21}},"4":{"start":{"line":7,"column":13},"end":{"line":7,"column":17}},"5":{"start":{"line":8,"column":15},"end":{"line":8,"column":40}},"6":{"start":{"line":9,"column":21},"end":{"line":9,"column":57}},"7":{"start":{"line":10,"column":13},"end":{"line":10,"column":28}},"8":{"start":{"line":12,"column":0},"end":{"line":12,"column":16}},"9":{"start":{"line":13,"column":0},"end":{"line":13,"column":48}},"10":{"start":{"line":14,"column":0},"end":{"line":14,"column":24}},"11":{"start":{"line":15,"column":0},"end":{"line":15,"column":16}},"12":{"start":{"line":16,"column":0},"end":{"line":16,"column":22}},"13":{"start":{"line":18,"column":0},"end":{"line":18,"column":21}}},"fnMap":{},"branchMap":{"0":{"loc":{"start":{"line":1,"column":0},"end":{"line":3,"column":1}},"type":"if","locations":[{"start":{"line":1,"column":0},"end":{"line":3,"column":1}},{"start":{},"end":{}}],"line":1}},"s":{"0":12,"1":12,"2":12,"3":12,"4":12,"5":12,"6":12,"7":12,"8":12,"9":12,"10":12,"11":12,"12":12,"13":12},"f":{},"b":{"0":[12,0]},"_coverageSchema":"1a1c01bbd47fc00a2c39e90264f33305004495a9","hash":"c74a53d41cb470945faf562d06a195885afff59d"}
,"/Users/abdularifin/Desktop/back-end/config/db.js": {"path":"/Users/abdularifin/Desktop/back-end/config/db.js","statementMap":{"0":{"start":{"line":1,"column":0},"end":{"line":1,"column":27}},"1":{"start":{"line":2,"column":42},"end":{"line":2,"column":60}},"2":{"start":{"line":3,"column":12},"end":{"line":3,"column":27}},"3":{"start":{"line":6,"column":15},"end":{"line":12,"column":2}},"4":{"start":{"line":13,"column":17},"end":{"line":13,"column":40}},"5":{"start":{"line":14,"column":0},"end":{"line":14,"column":26}}},"fnMap":{},"branchMap":{},"s":{"0":12,"1":12,"2":12,"3":12,"4":12,"5":12},"f":{},"b":{},"_coverageSchema":"1a1c01bbd47fc00a2c39e90264f33305004495a9","hash":"82e1324aabf6f0af548b4b32fa750c0bf5659fa5"}
,"/Users/abdularifin/Desktop/back-end/controller/orders.js": {"path":"/Users/abdularifin/Desktop/back-end/controller/orders.js","statementMap":{"0":{"start":{"line":1,"column":15},"end":{"line":1,"column":40}},"1":{"start":{"line":2,"column":17},"end":{"line":2,"column":40}},"2":{"start":{"line":3,"column":21},"end":{"line":3,"column":39}},"3":{"start":{"line":4,"column":19},"end":{"line":4,"column":40}},"4":{"start":{"line":8,"column":4},"end":{"line":48,"column":5}},"5":{"start":{"line":10,"column":8},"end":{"line":10,"column":16}},"6":{"start":{"line":11,"column":27},"end":{"line":11,"column":37}},"7":{"start":{"line":12,"column":6},"end":{"line":12,"column":77}},"8":{"start":{"line":12,"column":21},"end":{"line":12,"column":77}},"9":{"start":{"line":13,"column":6},"end":{"line":14,"column":77}},"10":{"start":{"line":14,"column":8},"end":{"line":14,"column":77}},"11":{"start":{"line":15,"column":6},"end":{"line":16,"column":74}},"12":{"start":{"line":16,"column":8},"end":{"line":16,"column":74}},"13":{"start":{"line":17,"column":6},"end":{"line":18,"column":69}},"14":{"start":{"line":18,"column":8},"end":{"line":18,"column":69}},"15":{"start":{"line":19,"column":6},"end":{"line":20,"column":74}},"16":{"start":{"line":20,"column":8},"end":{"line":20,"column":74}},"17":{"start":{"line":21,"column":6},"end":{"line":22,"column":66}},"18":{"start":{"line":22,"column":8},"end":{"line":22,"column":66}},"19":{"start":{"line":23,"column":6},"end":{"line":28,"column":7}},"20":{"start":{"line":24,"column":8},"end":{"line":27,"column":10}},"21":{"start":{"line":30,"column":21},"end":{"line":30,"column":33}},"22":{"start":{"line":31,"column":23},"end":{"line":39,"column":7}},"23":{"start":{"line":40,"column":22},"end":{"line":40,"column":34}},"24":{"start":{"line":42,"column":6},"end":{"line":42,"column":28}},"25":{"start":{"line":43,"column":6},"end":{"line":43,"column":56}},"26":{"start":{"line":45,"column":6},"end":{"line":45,"column":37}},"27":{"start":{"line":47,"column":6},"end":{"line":47,"column":18}},"28":{"start":{"line":52,"column":4},"end":{"line":136,"column":5}},"29":{"start":{"line":53,"column":21},"end":{"line":53,"column":29}},"30":{"start":{"line":54,"column":20},"end":{"line":54,"column":22}},"31":{"start":{"line":55,"column":19},"end":{"line":55,"column":27}},"32":{"start":{"line":57,"column":26},"end":{"line":63,"column":8}},"33":{"start":{"line":65,"column":27},"end":{"line":122,"column":8}},"34":{"start":{"line":124,"column":6},"end":{"line":129,"column":9}},"35":{"start":{"line":131,"column":6},"end":{"line":133,"column":9}},"36":{"start":{"line":135,"column":6},"end":{"line":135,"column":18}},"37":{"start":{"line":139,"column":4},"end":{"line":170,"column":5}},"38":{"start":{"line":140,"column":26},"end":{"line":140,"column":36}},"39":{"start":{"line":142,"column":8},"end":{"line":142,"column":16}},"40":{"start":{"line":143,"column":6},"end":{"line":144,"column":77}},"41":{"start":{"line":144,"column":8},"end":{"line":144,"column":77}},"42":{"start":{"line":145,"column":6},"end":{"line":146,"column":74}},"43":{"start":{"line":146,"column":8},"end":{"line":146,"column":74}},"44":{"start":{"line":147,"column":6},"end":{"line":148,"column":69}},"45":{"start":{"line":148,"column":8},"end":{"line":148,"column":69}},"46":{"start":{"line":149,"column":6},"end":{"line":150,"column":74}},"47":{"start":{"line":150,"column":8},"end":{"line":150,"column":74}},"48":{"start":{"line":151,"column":6},"end":{"line":152,"column":66}},"49":{"start":{"line":152,"column":8},"end":{"line":152,"column":66}},"50":{"start":{"line":153,"column":6},"end":{"line":158,"column":7}},"51":{"start":{"line":154,"column":8},"end":{"line":157,"column":10}},"52":{"start":{"line":159,"column":21},"end":{"line":166,"column":7}},"53":{"start":{"line":167,"column":6},"end":{"line":167,"column":47}},"54":{"start":{"line":169,"column":6},"end":{"line":169,"column":18}},"55":{"start":{"line":174,"column":4},"end":{"line":179,"column":5}},"56":{"start":{"line":175,"column":21},"end":{"line":175,"column":49}},"57":{"start":{"line":176,"column":6},"end":{"line":176,"column":35}},"58":{"start":{"line":178,"column":6},"end":{"line":178,"column":18}},"59":{"start":{"line":182,"column":4},"end":{"line":187,"column":5}},"60":{"start":{"line":183,"column":21},"end":{"line":183,"column":45}},"61":{"start":{"line":184,"column":6},"end":{"line":184,"column":35}},"62":{"start":{"line":186,"column":6},"end":{"line":186,"column":18}},"63":{"start":{"line":190,"column":4},"end":{"line":197,"column":5}},"64":{"start":{"line":191,"column":21},"end":{"line":191,"column":33}},"65":{"start":{"line":193,"column":21},"end":{"line":193,"column":57}},"66":{"start":{"line":194,"column":6},"end":{"line":194,"column":35}},"67":{"start":{"line":196,"column":6},"end":{"line":196,"column":18}},"68":{"start":{"line":201,"column":0},"end":{"line":201,"column":34}}},"fnMap":{"0":{"name":"(anonymous_0)","decl":{"start":{"line":7,"column":2},"end":{"line":7,"column":3}},"loc":{"start":{"line":7,"column":44},"end":{"line":49,"column":3}},"line":7},"1":{"name":"(anonymous_1)","decl":{"start":{"line":51,"column":2},"end":{"line":51,"column":3}},"loc":{"start":{"line":51,"column":42},"end":{"line":137,"column":3}},"line":51},"2":{"name":"(anonymous_2)","decl":{"start":{"line":138,"column":2},"end":{"line":138,"column":3}},"loc":{"start":{"line":138,"column":42},"end":{"line":171,"column":3}},"line":138},"3":{"name":"(anonymous_3)","decl":{"start":{"line":173,"column":2},"end":{"line":173,"column":3}},"loc":{"start":{"line":173,"column":46},"end":{"line":180,"column":3}},"line":173},"4":{"name":"(anonymous_4)","decl":{"start":{"line":181,"column":2},"end":{"line":181,"column":3}},"loc":{"start":{"line":181,"column":45},"end":{"line":188,"column":3}},"line":181},"5":{"name":"(anonymous_5)","decl":{"start":{"line":189,"column":2},"end":{"line":189,"column":3}},"loc":{"start":{"line":189,"column":45},"end":{"line":198,"column":3}},"line":189}},"branchMap":{"0":{"loc":{"start":{"line":12,"column":6},"end":{"line":12,"column":77}},"type":"if","locations":[{"start":{"line":12,"column":6},"end":{"line":12,"column":77}},{"start":{},"end":{}}],"line":12},"1":{"loc":{"start":{"line":13,"column":6},"end":{"line":14,"column":77}},"type":"if","locations":[{"start":{"line":13,"column":6},"end":{"line":14,"column":77}},{"start":{},"end":{}}],"line":13},"2":{"loc":{"start":{"line":15,"column":6},"end":{"line":16,"column":74}},"type":"if","locations":[{"start":{"line":15,"column":6},"end":{"line":16,"column":74}},{"start":{},"end":{}}],"line":15},"3":{"loc":{"start":{"line":17,"column":6},"end":{"line":18,"column":69}},"type":"if","locations":[{"start":{"line":17,"column":6},"end":{"line":18,"column":69}},{"start":{},"end":{}}],"line":17},"4":{"loc":{"start":{"line":19,"column":6},"end":{"line":20,"column":74}},"type":"if","locations":[{"start":{"line":19,"column":6},"end":{"line":20,"column":74}},{"start":{},"end":{}}],"line":19},"5":{"loc":{"start":{"line":21,"column":6},"end":{"line":22,"column":66}},"type":"if","locations":[{"start":{"line":21,"column":6},"end":{"line":22,"column":66}},{"start":{},"end":{}}],"line":21},"6":{"loc":{"start":{"line":23,"column":6},"end":{"line":28,"column":7}},"type":"if","locations":[{"start":{"line":23,"column":6},"end":{"line":28,"column":7}},{"start":{},"end":{}}],"line":23},"7":{"loc":{"start":{"line":143,"column":6},"end":{"line":144,"column":77}},"type":"if","locations":[{"start":{"line":143,"column":6},"end":{"line":144,"column":77}},{"start":{},"end":{}}],"line":143},"8":{"loc":{"start":{"line":145,"column":6},"end":{"line":146,"column":74}},"type":"if","locations":[{"start":{"line":145,"column":6},"end":{"line":146,"column":74}},{"start":{},"end":{}}],"line":145},"9":{"loc":{"start":{"line":147,"column":6},"end":{"line":148,"column":69}},"type":"if","locations":[{"start":{"line":147,"column":6},"end":{"line":148,"column":69}},{"start":{},"end":{}}],"line":147},"10":{"loc":{"start":{"line":149,"column":6},"end":{"line":150,"column":74}},"type":"if","locations":[{"start":{"line":149,"column":6},"end":{"line":150,"column":74}},{"start":{},"end":{}}],"line":149},"11":{"loc":{"start":{"line":151,"column":6},"end":{"line":152,"column":66}},"type":"if","locations":[{"start":{"line":151,"column":6},"end":{"line":152,"column":66}},{"start":{},"end":{}}],"line":151},"12":{"loc":{"start":{"line":153,"column":6},"end":{"line":158,"column":7}},"type":"if","locations":[{"start":{"line":153,"column":6},"end":{"line":158,"column":7}},{"start":{},"end":{}}],"line":153}},"s":{"0":12,"1":12,"2":12,"3":12,"4":8,"5":8,"6":8,"7":8,"8":0,"9":8,"10":1,"11":7,"12":1,"13":6,"14":1,"15":5,"16":1,"17":4,"18":1,"19":3,"20":1,"21":2,"22":2,"23":0,"24":0,"25":0,"26":0,"27":8,"28":0,"29":0,"30":0,"31":0,"32":0,"33":0,"34":0,"35":0,"36":0,"37":7,"38":7,"39":7,"40":7,"41":1,"42":6,"43":1,"44":5,"45":1,"46":4,"47":1,"48":3,"49":1,"50":2,"51":1,"52":1,"53":1,"54":6,"55":1,"56":1,"57":1,"58":0,"59":1,"60":1,"61":1,"62":0,"63":1,"64":1,"65":1,"66":1,"67":0,"68":12},"f":{"0":8,"1":0,"2":7,"3":1,"4":1,"5":1},"b":{"0":[0,8],"1":[1,7],"2":[1,6],"3":[1,5],"4":[1,4],"5":[1,3],"6":[1,2],"7":[1,6],"8":[1,5],"9":[1,4],"10":[1,3],"11":[1,2],"12":[1,1]},"_coverageSchema":"1a1c01bbd47fc00a2c39e90264f33305004495a9","hash":"5b700010aef16f3a1003006a88dc65c79b26d257"}
,"/Users/abdularifin/Desktop/back-end/controller/package.js": {"path":"/Users/abdularifin/Desktop/back-end/controller/package.js","statementMap":{"0":{"start":{"line":1,"column":21},"end":{"line":1,"column":39}},"1":{"start":{"line":2,"column":16},"end":{"line":2,"column":43}},"2":{"start":{"line":6,"column":17},"end":{"line":6,"column":46}},"3":{"start":{"line":7,"column":18},"end":{"line":7,"column":70}},"4":{"start":{"line":8,"column":19},"end":{"line":8,"column":41}},"5":{"start":{"line":9,"column":24},"end":{"line":9,"column":50}},"6":{"start":{"line":10,"column":21},"end":{"line":10,"column":45}},"7":{"start":{"line":12,"column":4},"end":{"line":32,"column":5}},"8":{"start":{"line":13,"column":27},"end":{"line":13,"column":29}},"9":{"start":{"line":15,"column":6},"end":{"line":18,"column":7}},"10":{"start":{"line":16,"column":22},"end":{"line":16,"column":45}},"11":{"start":{"line":17,"column":8},"end":{"line":17,"column":67}},"12":{"start":{"line":20,"column":6},"end":{"line":22,"column":7}},"13":{"start":{"line":21,"column":8},"end":{"line":21,"column":62}},"14":{"start":{"line":24,"column":6},"end":{"line":24,"column":55}},"15":{"start":{"line":25,"column":6},"end":{"line":25,"column":43}},"16":{"start":{"line":26,"column":6},"end":{"line":26,"column":60}},"17":{"start":{"line":28,"column":23},"end":{"line":28,"column":66}},"18":{"start":{"line":29,"column":6},"end":{"line":29,"column":54}},"19":{"start":{"line":31,"column":6},"end":{"line":31,"column":18}},"20":{"start":{"line":36,"column":22},"end":{"line":36,"column":42}},"21":{"start":{"line":37,"column":4},"end":{"line":47,"column":5}},"22":{"start":{"line":38,"column":26},"end":{"line":40,"column":7}},"23":{"start":{"line":41,"column":6},"end":{"line":43,"column":7}},"24":{"start":{"line":42,"column":8},"end":{"line":42,"column":65}},"25":{"start":{"line":44,"column":6},"end":{"line":44,"column":40}},"26":{"start":{"line":46,"column":6},"end":{"line":46,"column":18}},"27":{"start":{"line":51,"column":61},"end":{"line":51,"column":69}},"28":{"start":{"line":52,"column":4},"end":{"line":75,"column":5}},"29":{"start":{"line":53,"column":6},"end":{"line":58,"column":7}},"30":{"start":{"line":54,"column":8},"end":{"line":57,"column":10}},"31":{"start":{"line":59,"column":6},"end":{"line":64,"column":7}},"32":{"start":{"line":60,"column":8},"end":{"line":63,"column":10}},"33":{"start":{"line":65,"column":25},"end":{"line":71,"column":8}},"34":{"start":{"line":72,"column":6},"end":{"line":72,"column":77}},"35":{"start":{"line":74,"column":6},"end":{"line":74,"column":18}},"36":{"start":{"line":79,"column":22},"end":{"line":79,"column":42}},"37":{"start":{"line":80,"column":4},"end":{"line":97,"column":5}},"38":{"start":{"line":81,"column":6},"end":{"line":86,"column":7}},"39":{"start":{"line":82,"column":8},"end":{"line":85,"column":10}},"40":{"start":{"line":87,"column":26},"end":{"line":89,"column":7}},"41":{"start":{"line":90,"column":6},"end":{"line":92,"column":7}},"42":{"start":{"line":91,"column":8},"end":{"line":91,"column":65}},"43":{"start":{"line":93,"column":6},"end":{"line":93,"column":59}},"44":{"start":{"line":94,"column":6},"end":{"line":94,"column":72}},"45":{"start":{"line":96,"column":6},"end":{"line":96,"column":18}},"46":{"start":{"line":101,"column":22},"end":{"line":101,"column":42}},"47":{"start":{"line":102,"column":61},"end":{"line":102,"column":69}},"48":{"start":{"line":103,"column":4},"end":{"line":127,"column":5}},"49":{"start":{"line":104,"column":6},"end":{"line":109,"column":7}},"50":{"start":{"line":105,"column":8},"end":{"line":108,"column":10}},"51":{"start":{"line":110,"column":26},"end":{"line":112,"column":7}},"52":{"start":{"line":113,"column":6},"end":{"line":115,"column":7}},"53":{"start":{"line":114,"column":8},"end":{"line":114,"column":65}},"54":{"start":{"line":117,"column":6},"end":{"line":123,"column":9}},"55":{"start":{"line":124,"column":6},"end":{"line":124,"column":72}},"56":{"start":{"line":126,"column":6},"end":{"line":126,"column":18}},"57":{"start":{"line":130,"column":26},"end":{"line":130,"column":36}},"58":{"start":{"line":131,"column":4},"end":{"line":189,"column":5}},"59":{"start":{"line":132,"column":6},"end":{"line":132,"column":74}},"60":{"start":{"line":133,"column":6},"end":{"line":138,"column":7}},"61":{"start":{"line":134,"column":8},"end":{"line":137,"column":10}},"62":{"start":{"line":139,"column":6},"end":{"line":141,"column":7}},"63":{"start":{"line":140,"column":8},"end":{"line":140,"column":68}},"64":{"start":{"line":142,"column":26},"end":{"line":144,"column":7}},"65":{"start":{"line":145,"column":6},"end":{"line":147,"column":7}},"66":{"start":{"line":146,"column":8},"end":{"line":146,"column":65}},"67":{"start":{"line":148,"column":25},"end":{"line":148,"column":49}},"68":{"start":{"line":150,"column":6},"end":{"line":154,"column":9}},"69":{"start":{"line":156,"column":29},"end":{"line":164,"column":8}},"70":{"start":{"line":157,"column":25},"end":{"line":157,"column":38}},"71":{"start":{"line":158,"column":21},"end":{"line":158,"column":64}},"72":{"start":{"line":159,"column":24},"end":{"line":159,"column":57}},"73":{"start":{"line":160,"column":8},"end":{"line":163,"column":11}},"74":{"start":{"line":166,"column":22},"end":{"line":166,"column":55}},"75":{"start":{"line":168,"column":21},"end":{"line":170,"column":8}},"76":{"start":{"line":169,"column":8},"end":{"line":169,"column":27}},"77":{"start":{"line":171,"column":6},"end":{"line":171,"column":71}},"78":{"start":{"line":173,"column":19},"end":{"line":176,"column":7}},"79":{"start":{"line":178,"column":6},"end":{"line":184,"column":7}},"80":{"start":{"line":179,"column":8},"end":{"line":181,"column":69}},"81":{"start":{"line":183,"column":8},"end":{"line":183,"column":64}},"82":{"start":{"line":186,"column":6},"end":{"line":186,"column":20}},"83":{"start":{"line":188,"column":6},"end":{"line":188,"column":18}},"84":{"start":{"line":193,"column":0},"end":{"line":193,"column":35}}},"fnMap":{"0":{"name":"(anonymous_0)","decl":{"start":{"line":5,"column":2},"end":{"line":5,"column":3}},"loc":{"start":{"line":5,"column":46},"end":{"line":33,"column":3}},"line":5},"1":{"name":"(anonymous_1)","decl":{"start":{"line":35,"column":2},"end":{"line":35,"column":3}},"loc":{"start":{"line":35,"column":46},"end":{"line":48,"column":3}},"line":35},"2":{"name":"(anonymous_2)","decl":{"start":{"line":50,"column":2},"end":{"line":50,"column":3}},"loc":{"start":{"line":50,"column":45},"end":{"line":76,"column":3}},"line":50},"3":{"name":"(anonymous_3)","decl":{"start":{"line":78,"column":2},"end":{"line":78,"column":3}},"loc":{"start":{"line":78,"column":45},"end":{"line":98,"column":3}},"line":78},"4":{"name":"(anonymous_4)","decl":{"start":{"line":100,"column":2},"end":{"line":100,"column":3}},"loc":{"start":{"line":100,"column":43},"end":{"line":128,"column":3}},"line":100},"5":{"name":"(anonymous_5)","decl":{"start":{"line":129,"column":2},"end":{"line":129,"column":3}},"loc":{"start":{"line":129,"column":41},"end":{"line":190,"column":3}},"line":129},"6":{"name":"(anonymous_6)","decl":{"start":{"line":156,"column":43},"end":{"line":156,"column":44}},"loc":{"start":{"line":156,"column":59},"end":{"line":164,"column":7}},"line":156},"7":{"name":"(anonymous_7)","decl":{"start":{"line":168,"column":33},"end":{"line":168,"column":34}},"loc":{"start":{"line":168,"column":46},"end":{"line":170,"column":7}},"line":168}},"branchMap":{"0":{"loc":{"start":{"line":6,"column":17},"end":{"line":6,"column":46}},"type":"binary-expr","locations":[{"start":{"line":6,"column":17},"end":{"line":6,"column":41}},{"start":{"line":6,"column":45},"end":{"line":6,"column":46}}],"line":6},"1":{"loc":{"start":{"line":7,"column":18},"end":{"line":7,"column":70}},"type":"binary-expr","locations":[{"start":{"line":7,"column":18},"end":{"line":7,"column":43}},{"start":{"line":7,"column":47},"end":{"line":7,"column":70}}],"line":7},"2":{"loc":{"start":{"line":8,"column":19},"end":{"line":8,"column":41}},"type":"binary-expr","locations":[{"start":{"line":8,"column":19},"end":{"line":8,"column":35}},{"start":{"line":8,"column":39},"end":{"line":8,"column":41}}],"line":8},"3":{"loc":{"start":{"line":9,"column":24},"end":{"line":9,"column":50}},"type":"binary-expr","locations":[{"start":{"line":9,"column":24},"end":{"line":9,"column":45}},{"start":{"line":9,"column":49},"end":{"line":9,"column":50}}],"line":9},"4":{"loc":{"start":{"line":10,"column":21},"end":{"line":10,"column":45}},"type":"binary-expr","locations":[{"start":{"line":10,"column":21},"end":{"line":10,"column":39}},{"start":{"line":10,"column":43},"end":{"line":10,"column":45}}],"line":10},"5":{"loc":{"start":{"line":15,"column":6},"end":{"line":18,"column":7}},"type":"if","locations":[{"start":{"line":15,"column":6},"end":{"line":18,"column":7}},{"start":{},"end":{}}],"line":15},"6":{"loc":{"start":{"line":20,"column":6},"end":{"line":22,"column":7}},"type":"if","locations":[{"start":{"line":20,"column":6},"end":{"line":22,"column":7}},{"start":{},"end":{}}],"line":20},"7":{"loc":{"start":{"line":41,"column":6},"end":{"line":43,"column":7}},"type":"if","locations":[{"start":{"line":41,"column":6},"end":{"line":43,"column":7}},{"start":{},"end":{}}],"line":41},"8":{"loc":{"start":{"line":53,"column":6},"end":{"line":58,"column":7}},"type":"if","locations":[{"start":{"line":53,"column":6},"end":{"line":58,"column":7}},{"start":{},"end":{}}],"line":53},"9":{"loc":{"start":{"line":59,"column":6},"end":{"line":64,"column":7}},"type":"if","locations":[{"start":{"line":59,"column":6},"end":{"line":64,"column":7}},{"start":{},"end":{}}],"line":59},"10":{"loc":{"start":{"line":59,"column":10},"end":{"line":59,"column":54}},"type":"binary-expr","locations":[{"start":{"line":59,"column":10},"end":{"line":59,"column":15}},{"start":{"line":59,"column":19},"end":{"line":59,"column":31}},{"start":{"line":59,"column":35},"end":{"line":59,"column":44}},{"start":{"line":59,"column":48},"end":{"line":59,"column":54}}],"line":59},"11":{"loc":{"start":{"line":81,"column":6},"end":{"line":86,"column":7}},"type":"if","locations":[{"start":{"line":81,"column":6},"end":{"line":86,"column":7}},{"start":{},"end":{}}],"line":81},"12":{"loc":{"start":{"line":90,"column":6},"end":{"line":92,"column":7}},"type":"if","locations":[{"start":{"line":90,"column":6},"end":{"line":92,"column":7}},{"start":{},"end":{}}],"line":90},"13":{"loc":{"start":{"line":104,"column":6},"end":{"line":109,"column":7}},"type":"if","locations":[{"start":{"line":104,"column":6},"end":{"line":109,"column":7}},{"start":{},"end":{}}],"line":104},"14":{"loc":{"start":{"line":113,"column":6},"end":{"line":115,"column":7}},"type":"if","locations":[{"start":{"line":113,"column":6},"end":{"line":115,"column":7}},{"start":{},"end":{}}],"line":113},"15":{"loc":{"start":{"line":133,"column":6},"end":{"line":138,"column":7}},"type":"if","locations":[{"start":{"line":133,"column":6},"end":{"line":138,"column":7}},{"start":{},"end":{}}],"line":133},"16":{"loc":{"start":{"line":139,"column":6},"end":{"line":141,"column":7}},"type":"if","locations":[{"start":{"line":139,"column":6},"end":{"line":141,"column":7}},{"start":{},"end":{}}],"line":139},"17":{"loc":{"start":{"line":145,"column":6},"end":{"line":147,"column":7}},"type":"if","locations":[{"start":{"line":145,"column":6},"end":{"line":147,"column":7}},{"start":{},"end":{}}],"line":145},"18":{"loc":{"start":{"line":178,"column":6},"end":{"line":184,"column":7}},"type":"if","locations":[{"start":{"line":178,"column":6},"end":{"line":184,"column":7}},{"start":{"line":182,"column":13},"end":{"line":184,"column":7}}],"line":178}},"s":{"0":12,"1":12,"2":1,"3":1,"4":1,"5":1,"6":1,"7":1,"8":1,"9":1,"10":0,"11":0,"12":1,"13":0,"14":1,"15":1,"16":1,"17":1,"18":1,"19":0,"20":3,"21":3,"22":3,"23":3,"24":2,"25":1,"26":2,"27":6,"28":6,"29":6,"30":1,"31":5,"32":4,"33":1,"34":1,"35":5,"36":3,"37":3,"38":3,"39":1,"40":2,"41":2,"42":1,"43":1,"44":1,"45":2,"46":3,"47":3,"48":3,"49":3,"50":1,"51":2,"52":2,"53":1,"54":1,"55":1,"56":2,"57":3,"58":3,"59":3,"60":3,"61":1,"62":2,"63":0,"64":2,"65":2,"66":1,"67":1,"68":1,"69":1,"70":2,"71":2,"72":2,"73":2,"74":1,"75":1,"76":2,"77":1,"78":1,"79":1,"80":1,"81":0,"82":1,"83":2,"84":12},"f":{"0":1,"1":3,"2":6,"3":3,"4":3,"5":3,"6":2,"7":2},"b":{"0":[1,1],"1":[1,1],"2":[1,1],"3":[1,1],"4":[1,1],"5":[0,1],"6":[0,1],"7":[2,1],"8":[1,5],"9":[4,1],"10":[5,4,3,2],"11":[1,2],"12":[1,1],"13":[1,2],"14":[1,1],"15":[1,2],"16":[0,2],"17":[1,1],"18":[1,0]},"_coverageSchema":"1a1c01bbd47fc00a2c39e90264f33305004495a9","hash":"13ea0881c2c550cc1406a32efb6030732ac475a1"}
,"/Users/abdularifin/Desktop/back-end/controller/payment.js": {"path":"/Users/abdularifin/Desktop/back-end/controller/payment.js","statementMap":{"0":{"start":{"line":1,"column":23},"end":{"line":1,"column":49}},"1":{"start":{"line":2,"column":16},"end":{"line":2,"column":43}},"2":{"start":{"line":3,"column":15},"end":{"line":3,"column":40}},"3":{"start":{"line":4,"column":21},"end":{"line":4,"column":39}},"4":{"start":{"line":5,"column":19},"end":{"line":5,"column":40}},"5":{"start":{"line":7,"column":13},"end":{"line":11,"column":2}},"6":{"start":{"line":15,"column":6},"end":{"line":59,"column":7}},"7":{"start":{"line":16,"column":29},"end":{"line":16,"column":39}},"8":{"start":{"line":17,"column":23},"end":{"line":17,"column":69}},"9":{"start":{"line":18,"column":9},"end":{"line":20,"column":10}},"10":{"start":{"line":19,"column":12},"end":{"line":19,"column":67}},"11":{"start":{"line":21,"column":30},"end":{"line":21,"column":38}},"12":{"start":{"line":22,"column":55},"end":{"line":22,"column":63}},"13":{"start":{"line":23,"column":24},"end":{"line":23,"column":44}},"14":{"start":{"line":25,"column":9},"end":{"line":30,"column":10}},"15":{"start":{"line":26,"column":12},"end":{"line":29,"column":14}},"16":{"start":{"line":32,"column":27},"end":{"line":52,"column":10}},"17":{"start":{"line":54,"column":29},"end":{"line":54,"column":68}},"18":{"start":{"line":55,"column":9},"end":{"line":55,"column":43}},"19":{"start":{"line":57,"column":9},"end":{"line":57,"column":36}},"20":{"start":{"line":58,"column":9},"end":{"line":58,"column":21}},"21":{"start":{"line":63,"column":6},"end":{"line":83,"column":7}},"22":{"start":{"line":64,"column":34},"end":{"line":64,"column":42}},"23":{"start":{"line":66,"column":32},"end":{"line":66,"column":85}},"24":{"start":{"line":69,"column":42},"end":{"line":69,"column":76}},"25":{"start":{"line":70,"column":35},"end":{"line":70,"column":68}},"26":{"start":{"line":72,"column":9},"end":{"line":79,"column":10}},"27":{"start":{"line":73,"column":12},"end":{"line":73,"column":71}},"28":{"start":{"line":74,"column":12},"end":{"line":74,"column":67}},"29":{"start":{"line":76,"column":16},"end":{"line":79,"column":10}},"30":{"start":{"line":77,"column":12},"end":{"line":77,"column":71}},"31":{"start":{"line":78,"column":12},"end":{"line":78,"column":65}},"32":{"start":{"line":81,"column":9},"end":{"line":81,"column":36}},"33":{"start":{"line":82,"column":9},"end":{"line":82,"column":21}},"34":{"start":{"line":87,"column":6},"end":{"line":188,"column":7}},"35":{"start":{"line":88,"column":44},"end":{"line":88,"column":52}},"36":{"start":{"line":89,"column":36},"end":{"line":89,"column":55}},"37":{"start":{"line":93,"column":23},"end":{"line":93,"column":67}},"38":{"start":{"line":94,"column":29},"end":{"line":94,"column":51}},"39":{"start":{"line":95,"column":26},"end":{"line":95,"column":47}},"40":{"start":{"line":97,"column":29},"end":{"line":103,"column":11}},"41":{"start":{"line":105,"column":30},"end":{"line":174,"column":11}},"42":{"start":{"line":176,"column":9},"end":{"line":181,"column":12}},"43":{"start":{"line":183,"column":9},"end":{"line":185,"column":12}},"44":{"start":{"line":187,"column":9},"end":{"line":187,"column":21}},"45":{"start":{"line":192,"column":0},"end":{"line":192,"column":35}}},"fnMap":{"0":{"name":"(anonymous_0)","decl":{"start":{"line":14,"column":3},"end":{"line":14,"column":4}},"loc":{"start":{"line":14,"column":50},"end":{"line":60,"column":4}},"line":14},"1":{"name":"(anonymous_1)","decl":{"start":{"line":62,"column":3},"end":{"line":62,"column":4}},"loc":{"start":{"line":62,"column":51},"end":{"line":84,"column":4}},"line":62},"2":{"name":"(anonymous_2)","decl":{"start":{"line":86,"column":3},"end":{"line":86,"column":4}},"loc":{"start":{"line":86,"column":47},"end":{"line":189,"column":4}},"line":86}},"branchMap":{"0":{"loc":{"start":{"line":18,"column":9},"end":{"line":20,"column":10}},"type":"if","locations":[{"start":{"line":18,"column":9},"end":{"line":20,"column":10}},{"start":{},"end":{}}],"line":18},"1":{"loc":{"start":{"line":25,"column":9},"end":{"line":30,"column":10}},"type":"if","locations":[{"start":{"line":25,"column":9},"end":{"line":30,"column":10}},{"start":{},"end":{}}],"line":25},"2":{"loc":{"start":{"line":25,"column":13},"end":{"line":25,"column":36}},"type":"binary-expr","locations":[{"start":{"line":25,"column":13},"end":{"line":25,"column":22}},{"start":{"line":25,"column":26},"end":{"line":25,"column":36}}],"line":25},"3":{"loc":{"start":{"line":72,"column":9},"end":{"line":79,"column":10}},"type":"if","locations":[{"start":{"line":72,"column":9},"end":{"line":79,"column":10}},{"start":{"line":76,"column":16},"end":{"line":79,"column":10}}],"line":72},"4":{"loc":{"start":{"line":76,"column":16},"end":{"line":79,"column":10}},"type":"if","locations":[{"start":{"line":76,"column":16},"end":{"line":79,"column":10}},{"start":{},"end":{}}],"line":76}},"s":{"0":12,"1":12,"2":12,"3":12,"4":12,"5":12,"6":4,"7":4,"8":4,"9":4,"10":4,"11":0,"12":0,"13":0,"14":0,"15":0,"16":0,"17":0,"18":0,"19":4,"20":4,"21":2,"22":2,"23":2,"24":2,"25":2,"26":2,"27":1,"28":1,"29":1,"30":0,"31":0,"32":0,"33":0,"34":1,"35":1,"36":1,"37":1,"38":1,"39":0,"40":0,"41":0,"42":0,"43":0,"44":1,"45":12},"f":{"0":4,"1":2,"2":1},"b":{"0":[4,0],"1":[0,0],"2":[0,0],"3":[1,1],"4":[0,1]},"_coverageSchema":"1a1c01bbd47fc00a2c39e90264f33305004495a9","hash":"69202f9e368b92e0d44db4ba7796d1946a0f12ad"}
,"/Users/abdularifin/Desktop/back-end/controller/user.js": {"path":"/Users/abdularifin/Desktop/back-end/controller/user.js","statementMap":{"0":{"start":{"line":1,"column":17},"end":{"line":1,"column":40}},"1":{"start":{"line":2,"column":13},"end":{"line":2,"column":37}},"2":{"start":{"line":3,"column":25},"end":{"line":3,"column":55}},"3":{"start":{"line":4,"column":15},"end":{"line":4,"column":33}},"4":{"start":{"line":8,"column":4},"end":{"line":27,"column":5}},"5":{"start":{"line":9,"column":50},"end":{"line":9,"column":58}},"6":{"start":{"line":10,"column":6},"end":{"line":11,"column":66}},"7":{"start":{"line":11,"column":8},"end":{"line":11,"column":66}},"8":{"start":{"line":12,"column":6},"end":{"line":13,"column":67}},"9":{"start":{"line":13,"column":8},"end":{"line":13,"column":67}},"10":{"start":{"line":14,"column":6},"end":{"line":15,"column":70}},"11":{"start":{"line":15,"column":8},"end":{"line":15,"column":70}},"12":{"start":{"line":16,"column":6},"end":{"line":17,"column":70}},"13":{"start":{"line":17,"column":8},"end":{"line":17,"column":70}},"14":{"start":{"line":18,"column":25},"end":{"line":23,"column":8}},"15":{"start":{"line":24,"column":6},"end":{"line":24,"column":39}},"16":{"start":{"line":26,"column":6},"end":{"line":26,"column":18}},"17":{"start":{"line":30,"column":4},"end":{"line":40,"column":5}},"18":{"start":{"line":31,"column":34},"end":{"line":31,"column":42}},"19":{"start":{"line":32,"column":6},"end":{"line":32,"column":77}},"20":{"start":{"line":32,"column":18},"end":{"line":32,"column":77}},"21":{"start":{"line":33,"column":6},"end":{"line":34,"column":70}},"22":{"start":{"line":34,"column":8},"end":{"line":34,"column":70}},"23":{"start":{"line":35,"column":21},"end":{"line":35,"column":54}},"24":{"start":{"line":36,"column":24},"end":{"line":36,"column":53}},"25":{"start":{"line":37,"column":6},"end":{"line":37,"column":70}},"26":{"start":{"line":39,"column":6},"end":{"line":39,"column":18}},"27":{"start":{"line":43,"column":4},"end":{"line":60,"column":5}},"28":{"start":{"line":44,"column":30},"end":{"line":44,"column":38}},"29":{"start":{"line":45,"column":23},"end":{"line":45,"column":44}},"30":{"start":{"line":47,"column":6},"end":{"line":48,"column":74}},"31":{"start":{"line":48,"column":8},"end":{"line":48,"column":74}},"32":{"start":{"line":49,"column":21},"end":{"line":52,"column":8}},"33":{"start":{"line":53,"column":30},"end":{"line":53,"column":49}},"34":{"start":{"line":55,"column":21},"end":{"line":55,"column":57}},"35":{"start":{"line":57,"column":6},"end":{"line":57,"column":53}},"36":{"start":{"line":59,"column":6},"end":{"line":59,"column":18}},"37":{"start":{"line":63,"column":4},"end":{"line":68,"column":5}},"38":{"start":{"line":64,"column":19},"end":{"line":64,"column":39}},"39":{"start":{"line":65,"column":6},"end":{"line":65,"column":33}},"40":{"start":{"line":67,"column":6},"end":{"line":67,"column":18}},"41":{"start":{"line":71,"column":4},"end":{"line":76,"column":5}},"42":{"start":{"line":72,"column":19},"end":{"line":72,"column":48}},"43":{"start":{"line":73,"column":6},"end":{"line":73,"column":33}},"44":{"start":{"line":75,"column":6},"end":{"line":75,"column":18}},"45":{"start":{"line":79,"column":0},"end":{"line":79,"column":32}}},"fnMap":{"0":{"name":"(anonymous_0)","decl":{"start":{"line":7,"column":2},"end":{"line":7,"column":3}},"loc":{"start":{"line":7,"column":40},"end":{"line":28,"column":3}},"line":7},"1":{"name":"(anonymous_1)","decl":{"start":{"line":29,"column":2},"end":{"line":29,"column":3}},"loc":{"start":{"line":29,"column":37},"end":{"line":41,"column":3}},"line":29},"2":{"name":"(anonymous_2)","decl":{"start":{"line":42,"column":2},"end":{"line":42,"column":3}},"loc":{"start":{"line":42,"column":43},"end":{"line":61,"column":3}},"line":42},"3":{"name":"(anonymous_3)","decl":{"start":{"line":62,"column":2},"end":{"line":62,"column":3}},"loc":{"start":{"line":62,"column":43},"end":{"line":69,"column":3}},"line":62},"4":{"name":"(anonymous_4)","decl":{"start":{"line":70,"column":2},"end":{"line":70,"column":3}},"loc":{"start":{"line":70,"column":44},"end":{"line":77,"column":3}},"line":70}},"branchMap":{"0":{"loc":{"start":{"line":10,"column":6},"end":{"line":11,"column":66}},"type":"if","locations":[{"start":{"line":10,"column":6},"end":{"line":11,"column":66}},{"start":{},"end":{}}],"line":10},"1":{"loc":{"start":{"line":12,"column":6},"end":{"line":13,"column":67}},"type":"if","locations":[{"start":{"line":12,"column":6},"end":{"line":13,"column":67}},{"start":{},"end":{}}],"line":12},"2":{"loc":{"start":{"line":14,"column":6},"end":{"line":15,"column":70}},"type":"if","locations":[{"start":{"line":14,"column":6},"end":{"line":15,"column":70}},{"start":{},"end":{}}],"line":14},"3":{"loc":{"start":{"line":16,"column":6},"end":{"line":17,"column":70}},"type":"if","locations":[{"start":{"line":16,"column":6},"end":{"line":17,"column":70}},{"start":{},"end":{}}],"line":16},"4":{"loc":{"start":{"line":32,"column":6},"end":{"line":32,"column":77}},"type":"if","locations":[{"start":{"line":32,"column":6},"end":{"line":32,"column":77}},{"start":{},"end":{}}],"line":32},"5":{"loc":{"start":{"line":33,"column":6},"end":{"line":34,"column":70}},"type":"if","locations":[{"start":{"line":33,"column":6},"end":{"line":34,"column":70}},{"start":{},"end":{}}],"line":33},"6":{"loc":{"start":{"line":47,"column":6},"end":{"line":48,"column":74}},"type":"if","locations":[{"start":{"line":47,"column":6},"end":{"line":48,"column":74}},{"start":{},"end":{}}],"line":47}},"s":{"0":12,"1":12,"2":12,"3":12,"4":7,"5":7,"6":7,"7":1,"8":6,"9":1,"10":5,"11":1,"12":4,"13":1,"14":3,"15":1,"16":6,"17":6,"18":6,"19":6,"20":1,"21":5,"22":1,"23":4,"24":1,"25":1,"26":5,"27":3,"28":3,"29":3,"30":3,"31":1,"32":2,"33":0,"34":0,"35":0,"36":3,"37":1,"38":1,"39":1,"40":0,"41":1,"42":1,"43":1,"44":0,"45":12},"f":{"0":7,"1":6,"2":3,"3":1,"4":1},"b":{"0":[1,6],"1":[1,5],"2":[1,4],"3":[1,3],"4":[1,5],"5":[1,4],"6":[1,2]},"_coverageSchema":"1a1c01bbd47fc00a2c39e90264f33305004495a9","hash":"37ec69e7e15139a58c27b58564aa5920dccc4495"}
,"/Users/abdularifin/Desktop/back-end/helper/bcrypt.js": {"path":"/Users/abdularifin/Desktop/back-end/helper/bcrypt.js","statementMap":{"0":{"start":{"line":1,"column":15},"end":{"line":1,"column":34}},"1":{"start":{"line":3,"column":13},"end":{"line":3,"column":35}},"2":{"start":{"line":4,"column":13},"end":{"line":4,"column":41}},"3":{"start":{"line":5,"column":2},"end":{"line":5,"column":24}},"4":{"start":{"line":7,"column":0},"end":{"line":7,"column":22}}},"fnMap":{"0":{"name":"hash","decl":{"start":{"line":2,"column":9},"end":{"line":2,"column":13}},"loc":{"start":{"line":2,"column":21},"end":{"line":6,"column":1}},"line":2}},"branchMap":{},"s":{"0":12,"1":1,"2":1,"3":1,"4":12},"f":{"0":1},"b":{},"_coverageSchema":"1a1c01bbd47fc00a2c39e90264f33305004495a9","hash":"4ed930f5758a0a34b84f8efcb3e260d1e655dffa"}
,"/Users/abdularifin/Desktop/back-end/helper/jwt.js": {"path":"/Users/abdularifin/Desktop/back-end/helper/jwt.js","statementMap":{"0":{"start":{"line":1,"column":21},"end":{"line":1,"column":44}},"1":{"start":{"line":2,"column":0},"end":{"line":2,"column":27}},"2":{"start":{"line":3,"column":15},"end":{"line":3,"column":33}},"3":{"start":{"line":6,"column":2},"end":{"line":6,"column":42}},"4":{"start":{"line":10,"column":2},"end":{"line":10,"column":51}},"5":{"start":{"line":12,"column":0},"end":{"line":12,"column":44}}},"fnMap":{"0":{"name":"signToken","decl":{"start":{"line":5,"column":9},"end":{"line":5,"column":18}},"loc":{"start":{"line":5,"column":26},"end":{"line":7,"column":1}},"line":5},"1":{"name":"verifyToken","decl":{"start":{"line":9,"column":9},"end":{"line":9,"column":20}},"loc":{"start":{"line":9,"column":35},"end":{"line":11,"column":1}},"line":9}},"branchMap":{},"s":{"0":12,"1":12,"2":12,"3":8,"4":37,"5":12},"f":{"0":8,"1":37},"b":{},"_coverageSchema":"1a1c01bbd47fc00a2c39e90264f33305004495a9","hash":"48b6f8639368bda990ec342ae9c211fe602973b6"}
,"/Users/abdularifin/Desktop/back-end/middleware/authentication.js": {"path":"/Users/abdularifin/Desktop/back-end/middleware/authentication.js","statementMap":{"0":{"start":{"line":1,"column":24},"end":{"line":1,"column":48}},"1":{"start":{"line":2,"column":13},"end":{"line":2,"column":37}},"2":{"start":{"line":4,"column":23},"end":{"line":22,"column":1}},"3":{"start":{"line":5,"column":2},"end":{"line":21,"column":3}},"4":{"start":{"line":6,"column":24},"end":{"line":6,"column":49}},"5":{"start":{"line":8,"column":4},"end":{"line":8,"column":96}},"6":{"start":{"line":8,"column":22},"end":{"line":8,"column":96}},"7":{"start":{"line":9,"column":25},"end":{"line":9,"column":60}},"8":{"start":{"line":11,"column":4},"end":{"line":11,"column":80}},"9":{"start":{"line":11,"column":23},"end":{"line":11,"column":80}},"10":{"start":{"line":12,"column":19},"end":{"line":12,"column":44}},"11":{"start":{"line":14,"column":17},"end":{"line":14,"column":40}},"12":{"start":{"line":16,"column":4},"end":{"line":16,"column":78}},"13":{"start":{"line":16,"column":15},"end":{"line":16,"column":78}},"14":{"start":{"line":17,"column":4},"end":{"line":17,"column":20}},"15":{"start":{"line":18,"column":4},"end":{"line":18,"column":11}},"16":{"start":{"line":20,"column":4},"end":{"line":20,"column":16}},"17":{"start":{"line":23,"column":0},"end":{"line":23,"column":32}}},"fnMap":{"0":{"name":"(anonymous_0)","decl":{"start":{"line":4,"column":23},"end":{"line":4,"column":24}},"loc":{"start":{"line":4,"column":49},"end":{"line":22,"column":1}},"line":4}},"branchMap":{"0":{"loc":{"start":{"line":8,"column":4},"end":{"line":8,"column":96}},"type":"if","locations":[{"start":{"line":8,"column":4},"end":{"line":8,"column":96}},{"start":{},"end":{}}],"line":8},"1":{"loc":{"start":{"line":11,"column":4},"end":{"line":11,"column":80}},"type":"if","locations":[{"start":{"line":11,"column":4},"end":{"line":11,"column":80}},{"start":{},"end":{}}],"line":11},"2":{"loc":{"start":{"line":16,"column":4},"end":{"line":16,"column":78}},"type":"if","locations":[{"start":{"line":16,"column":4},"end":{"line":16,"column":78}},{"start":{},"end":{}}],"line":16}},"s":{"0":12,"1":12,"2":12,"3":42,"4":42,"5":42,"6":5,"7":37,"8":37,"9":0,"10":37,"11":36,"12":36,"13":0,"14":36,"15":36,"16":6,"17":12},"f":{"0":42},"b":{"0":[5,37],"1":[0,37],"2":[0,36]},"_coverageSchema":"1a1c01bbd47fc00a2c39e90264f33305004495a9","hash":"8574eb6f74b617a84f0305b32a6a48bb71227dee"}
,"/Users/abdularifin/Desktop/back-end/middleware/authorization.js": {"path":"/Users/abdularifin/Desktop/back-end/middleware/authorization.js","statementMap":{"0":{"start":{"line":3,"column":15},"end":{"line":3,"column":40}},"1":{"start":{"line":5,"column":22},"end":{"line":27,"column":1}},"2":{"start":{"line":6,"column":2},"end":{"line":26,"column":3}},"3":{"start":{"line":7,"column":24},"end":{"line":7,"column":34}},"4":{"start":{"line":9,"column":19},"end":{"line":9,"column":31}},"5":{"start":{"line":11,"column":22},"end":{"line":11,"column":54}},"6":{"start":{"line":13,"column":4},"end":{"line":15,"column":5}},"7":{"start":{"line":14,"column":6},"end":{"line":14,"column":61}},"8":{"start":{"line":16,"column":4},"end":{"line":16,"column":24}},"9":{"start":{"line":17,"column":4},"end":{"line":17,"column":25}},"10":{"start":{"line":18,"column":4},"end":{"line":18,"column":34}},"11":{"start":{"line":20,"column":4},"end":{"line":21,"column":69}},"12":{"start":{"line":21,"column":6},"end":{"line":21,"column":69}},"13":{"start":{"line":22,"column":4},"end":{"line":22,"column":26}},"14":{"start":{"line":23,"column":4},"end":{"line":23,"column":11}},"15":{"start":{"line":25,"column":4},"end":{"line":25,"column":16}},"16":{"start":{"line":28,"column":0},"end":{"line":28,"column":31}}},"fnMap":{"0":{"name":"(anonymous_0)","decl":{"start":{"line":5,"column":22},"end":{"line":5,"column":23}},"loc":{"start":{"line":5,"column":48},"end":{"line":27,"column":1}},"line":5}},"branchMap":{"0":{"loc":{"start":{"line":13,"column":4},"end":{"line":15,"column":5}},"type":"if","locations":[{"start":{"line":13,"column":4},"end":{"line":15,"column":5}},{"start":{},"end":{}}],"line":13},"1":{"loc":{"start":{"line":20,"column":4},"end":{"line":21,"column":69}},"type":"if","locations":[{"start":{"line":20,"column":4},"end":{"line":21,"column":69}},{"start":{},"end":{}}],"line":20}},"s":{"0":12,"1":12,"2":8,"3":8,"4":8,"5":8,"6":8,"7":0,"8":8,"9":8,"10":8,"11":8,"12":1,"13":7,"14":7,"15":1,"16":12},"f":{"0":8},"b":{"0":[0,8],"1":[1,7]},"_coverageSchema":"1a1c01bbd47fc00a2c39e90264f33305004495a9","hash":"869ea99124592e92a31d8672996bb51feb454c84"}
,"/Users/abdularifin/Desktop/back-end/middleware/errorHandler.js": {"path":"/Users/abdularifin/Desktop/back-end/middleware/errorHandler.js","statementMap":{"0":{"start":{"line":2,"column":19},"end":{"line":2,"column":22}},"1":{"start":{"line":3,"column":21},"end":{"line":3,"column":44}},"2":{"start":{"line":4,"column":2},"end":{"line":4,"column":39}},"3":{"start":{"line":5,"column":2},"end":{"line":5,"column":45}},"4":{"start":{"line":6,"column":2},"end":{"line":30,"column":3}},"5":{"start":{"line":8,"column":6},"end":{"line":8,"column":23}},"6":{"start":{"line":9,"column":6},"end":{"line":9,"column":50}},"7":{"start":{"line":10,"column":6},"end":{"line":10,"column":12}},"8":{"start":{"line":12,"column":6},"end":{"line":12,"column":23}},"9":{"start":{"line":13,"column":6},"end":{"line":13,"column":51}},"10":{"start":{"line":14,"column":6},"end":{"line":14,"column":12}},"11":{"start":{"line":16,"column":6},"end":{"line":16,"column":23}},"12":{"start":{"line":17,"column":6},"end":{"line":17,"column":48}},"13":{"start":{"line":18,"column":6},"end":{"line":18,"column":12}},"14":{"start":{"line":20,"column":6},"end":{"line":20,"column":23}},"15":{"start":{"line":21,"column":6},"end":{"line":21,"column":60}},"16":{"start":{"line":22,"column":6},"end":{"line":22,"column":12}},"17":{"start":{"line":24,"column":6},"end":{"line":24,"column":23}},"18":{"start":{"line":25,"column":6},"end":{"line":25,"column":40}},"19":{"start":{"line":26,"column":6},"end":{"line":26,"column":12}},"20":{"start":{"line":28,"column":6},"end":{"line":28,"column":23}},"21":{"start":{"line":29,"column":6},"end":{"line":29,"column":45}},"22":{"start":{"line":31,"column":2},"end":{"line":31,"column":57}},"23":{"start":{"line":34,"column":0},"end":{"line":34,"column":30}}},"fnMap":{"0":{"name":"errorHandler","decl":{"start":{"line":1,"column":9},"end":{"line":1,"column":21}},"loc":{"start":{"line":1,"column":43},"end":{"line":32,"column":1}},"line":1}},"branchMap":{"0":{"loc":{"start":{"line":6,"column":2},"end":{"line":30,"column":3}},"type":"switch","locations":[{"start":{"line":7,"column":4},"end":{"line":10,"column":12}},{"start":{"line":11,"column":4},"end":{"line":14,"column":12}},{"start":{"line":15,"column":4},"end":{"line":18,"column":12}},{"start":{"line":19,"column":4},"end":{"line":22,"column":12}},{"start":{"line":23,"column":4},"end":{"line":26,"column":12}},{"start":{"line":27,"column":4},"end":{"line":29,"column":45}}],"line":6},"1":{"loc":{"start":{"line":9,"column":21},"end":{"line":9,"column":49}},"type":"binary-expr","locations":[{"start":{"line":9,"column":21},"end":{"line":9,"column":32}},{"start":{"line":9,"column":36},"end":{"line":9,"column":49}}],"line":9},"2":{"loc":{"start":{"line":13,"column":21},"end":{"line":13,"column":50}},"type":"binary-expr","locations":[{"start":{"line":13,"column":21},"end":{"line":13,"column":32}},{"start":{"line":13,"column":36},"end":{"line":13,"column":50}}],"line":13},"3":{"loc":{"start":{"line":17,"column":21},"end":{"line":17,"column":47}},"type":"binary-expr","locations":[{"start":{"line":17,"column":21},"end":{"line":17,"column":32}},{"start":{"line":17,"column":36},"end":{"line":17,"column":47}}],"line":17},"4":{"loc":{"start":{"line":21,"column":21},"end":{"line":21,"column":59}},"type":"binary-expr","locations":[{"start":{"line":21,"column":21},"end":{"line":21,"column":32}},{"start":{"line":21,"column":36},"end":{"line":21,"column":59}}],"line":21}},"s":{"0":53,"1":53,"2":53,"3":53,"4":53,"5":25,"6":25,"7":25,"8":12,"9":12,"10":12,"11":9,"12":9,"13":9,"14":1,"15":1,"16":1,"17":1,"18":1,"19":1,"20":5,"21":5,"22":53,"23":12},"f":{"0":53},"b":{"0":[25,12,9,1,1,5],"1":[25,0],"2":[12,0],"3":[9,0],"4":[1,0]},"_coverageSchema":"1a1c01bbd47fc00a2c39e90264f33305004495a9","hash":"c2c7966ded6855a5336388bcdd45e0c78404765f"}
,"/Users/abdularifin/Desktop/back-end/model/order.js": {"path":"/Users/abdularifin/Desktop/back-end/model/order.js","statementMap":{"0":{"start":{"line":1,"column":21},"end":{"line":1,"column":39}},"1":{"start":{"line":2,"column":17},"end":{"line":2,"column":40}},"2":{"start":{"line":14,"column":15},"end":{"line":14,"column":37}},"3":{"start":{"line":15,"column":19},"end":{"line":15,"column":77}},"4":{"start":{"line":16,"column":22},"end":{"line":28,"column":6}},"5":{"start":{"line":29,"column":19},"end":{"line":31,"column":44}},"6":{"start":{"line":32,"column":4},"end":{"line":32,"column":18}},"7":{"start":{"line":35,"column":15},"end":{"line":35,"column":36}},"8":{"start":{"line":36,"column":4},"end":{"line":36,"column":68}},"9":{"start":{"line":39,"column":4},"end":{"line":39,"column":66}},"10":{"start":{"line":49,"column":15},"end":{"line":49,"column":36}},"11":{"start":{"line":51,"column":18},"end":{"line":62,"column":5}},"12":{"start":{"line":63,"column":4},"end":{"line":63,"column":17}},"13":{"start":{"line":66,"column":15},"end":{"line":66,"column":36}},"14":{"start":{"line":67,"column":4},"end":{"line":92,"column":17}},"15":{"start":{"line":95,"column":22},"end":{"line":95,"column":76}},"16":{"start":{"line":97,"column":19},"end":{"line":99,"column":9}},"17":{"start":{"line":98,"column":6},"end":{"line":98,"column":43}},"18":{"start":{"line":101,"column":28},"end":{"line":101,"column":79}},"19":{"start":{"line":103,"column":4},"end":{"line":103,"column":27}},"20":{"start":{"line":106,"column":4},"end":{"line":126,"column":17}},"21":{"start":{"line":129,"column":4},"end":{"line":154,"column":17}},"22":{"start":{"line":157,"column":0},"end":{"line":157,"column":24}}},"fnMap":{"0":{"name":"(anonymous_0)","decl":{"start":{"line":5,"column":2},"end":{"line":5,"column":3}},"loc":{"start":{"line":13,"column":4},"end":{"line":33,"column":3}},"line":13},"1":{"name":"(anonymous_1)","decl":{"start":{"line":34,"column":2},"end":{"line":34,"column":3}},"loc":{"start":{"line":34,"column":35},"end":{"line":37,"column":3}},"line":34},"2":{"name":"(anonymous_2)","decl":{"start":{"line":38,"column":2},"end":{"line":38,"column":3}},"loc":{"start":{"line":38,"column":27},"end":{"line":40,"column":3}},"line":38},"3":{"name":"(anonymous_3)","decl":{"start":{"line":41,"column":2},"end":{"line":41,"column":3}},"loc":{"start":{"line":48,"column":4},"end":{"line":64,"column":3}},"line":48},"4":{"name":"(anonymous_4)","decl":{"start":{"line":65,"column":2},"end":{"line":65,"column":3}},"loc":{"start":{"line":65,"column":38},"end":{"line":93,"column":3}},"line":65},"5":{"name":"(anonymous_5)","decl":{"start":{"line":94,"column":2},"end":{"line":94,"column":3}},"loc":{"start":{"line":94,"column":31},"end":{"line":104,"column":3}},"line":94},"6":{"name":"(anonymous_6)","decl":{"start":{"line":97,"column":36},"end":{"line":97,"column":37}},"loc":{"start":{"line":97,"column":54},"end":{"line":99,"column":5}},"line":97},"7":{"name":"(anonymous_7)","decl":{"start":{"line":105,"column":2},"end":{"line":105,"column":3}},"loc":{"start":{"line":105,"column":27},"end":{"line":127,"column":3}},"line":105},"8":{"name":"(anonymous_8)","decl":{"start":{"line":128,"column":2},"end":{"line":128,"column":3}},"loc":{"start":{"line":128,"column":39},"end":{"line":155,"column":3}},"line":128}},"branchMap":{},"s":{"0":12,"1":12,"2":2,"3":1,"4":1,"5":0,"6":0,"7":12,"8":12,"9":0,"10":1,"11":1,"12":1,"13":1,"14":1,"15":1,"16":1,"17":5,"18":1,"19":1,"20":1,"21":1,"22":12},"f":{"0":2,"1":12,"2":0,"3":1,"4":1,"5":1,"6":5,"7":1,"8":1},"b":{},"_coverageSchema":"1a1c01bbd47fc00a2c39e90264f33305004495a9","hash":"cb8e1e735849d2a4f558d357685c455ae8026c67"}
,"/Users/abdularifin/Desktop/back-end/model/package.js": {"path":"/Users/abdularifin/Desktop/back-end/model/package.js","statementMap":{"0":{"start":{"line":1,"column":17},"end":{"line":1,"column":40}},"1":{"start":{"line":5,"column":4},"end":{"line":5,"column":43}},"2":{"start":{"line":8,"column":4},"end":{"line":8,"column":63}},"3":{"start":{"line":11,"column":4},"end":{"line":11,"column":57}},"4":{"start":{"line":14,"column":4},"end":{"line":14,"column":52}},"5":{"start":{"line":17,"column":4},"end":{"line":17,"column":59}},"6":{"start":{"line":20,"column":4},"end":{"line":23,"column":6}},"7":{"start":{"line":26,"column":4},"end":{"line":29,"column":6}},"8":{"start":{"line":33,"column":0},"end":{"line":33,"column":25}}},"fnMap":{"0":{"name":"(anonymous_0)","decl":{"start":{"line":4,"column":2},"end":{"line":4,"column":3}},"loc":{"start":{"line":4,"column":22},"end":{"line":6,"column":3}},"line":4},"1":{"name":"(anonymous_1)","decl":{"start":{"line":7,"column":2},"end":{"line":7,"column":3}},"loc":{"start":{"line":7,"column":45},"end":{"line":9,"column":3}},"line":7},"2":{"name":"(anonymous_2)","decl":{"start":{"line":10,"column":2},"end":{"line":10,"column":3}},"loc":{"start":{"line":10,"column":42},"end":{"line":12,"column":3}},"line":10},"3":{"name":"(anonymous_3)","decl":{"start":{"line":13,"column":2},"end":{"line":13,"column":3}},"loc":{"start":{"line":13,"column":42},"end":{"line":15,"column":3}},"line":13},"4":{"name":"(anonymous_4)","decl":{"start":{"line":16,"column":2},"end":{"line":16,"column":3}},"loc":{"start":{"line":16,"column":40},"end":{"line":18,"column":3}},"line":16},"5":{"name":"(anonymous_5)","decl":{"start":{"line":19,"column":2},"end":{"line":19,"column":3}},"loc":{"start":{"line":19,"column":51},"end":{"line":24,"column":3}},"line":19},"6":{"name":"(anonymous_6)","decl":{"start":{"line":25,"column":2},"end":{"line":25,"column":3}},"loc":{"start":{"line":25,"column":54},"end":{"line":30,"column":3}},"line":25}},"branchMap":{},"s":{"0":12,"1":18,"2":1,"3":9,"4":3,"5":3,"6":1,"7":1,"8":12},"f":{"0":18,"1":1,"2":9,"3":3,"4":3,"5":1,"6":1},"b":{},"_coverageSchema":"1a1c01bbd47fc00a2c39e90264f33305004495a9","hash":"276ba464cd03d1dfdb8f36961ca6d8e6b15e1602"}
,"/Users/abdularifin/Desktop/back-end/model/payment.js": {"path":"/Users/abdularifin/Desktop/back-end/model/payment.js","statementMap":{"0":{"start":{"line":1,"column":21},"end":{"line":1,"column":39}},"1":{"start":{"line":2,"column":17},"end":{"line":2,"column":40}},"2":{"start":{"line":6,"column":4},"end":{"line":6,"column":41}},"3":{"start":{"line":9,"column":4},"end":{"line":9,"column":104}},"4":{"start":{"line":12,"column":0},"end":{"line":12,"column":25}}},"fnMap":{"0":{"name":"(anonymous_0)","decl":{"start":{"line":5,"column":2},"end":{"line":5,"column":3}},"loc":{"start":{"line":5,"column":22},"end":{"line":7,"column":3}},"line":5},"1":{"name":"(anonymous_1)","decl":{"start":{"line":8,"column":2},"end":{"line":8,"column":3}},"loc":{"start":{"line":8,"column":47},"end":{"line":10,"column":3}},"line":8}},"branchMap":{},"s":{"0":12,"1":12,"2":1,"3":1,"4":12},"f":{"0":1,"1":1},"b":{},"_coverageSchema":"1a1c01bbd47fc00a2c39e90264f33305004495a9","hash":"a59ca82ebf31bca5eb04b38d9cbff72b149c7b48"}
,"/Users/abdularifin/Desktop/back-end/model/user.js": {"path":"/Users/abdularifin/Desktop/back-end/model/user.js","statementMap":{"0":{"start":{"line":1,"column":20},"end":{"line":1,"column":39}},"1":{"start":{"line":2,"column":17},"end":{"line":2,"column":40}},"2":{"start":{"line":3,"column":13},"end":{"line":3,"column":40}},"3":{"start":{"line":4,"column":22},"end":{"line":4,"column":46}},"4":{"start":{"line":5,"column":21},"end":{"line":5,"column":39}},"5":{"start":{"line":9,"column":15},"end":{"line":9,"column":43}},"6":{"start":{"line":11,"column":21},"end":{"line":11,"column":41}},"7":{"start":{"line":12,"column":27},"end":{"line":14,"column":5}},"8":{"start":{"line":13,"column":16},"end":{"line":13,"column":42}},"9":{"start":{"line":15,"column":4},"end":{"line":16,"column":70}},"10":{"start":{"line":16,"column":6},"end":{"line":16,"column":70}},"11":{"start":{"line":17,"column":23},"end":{"line":17,"column":74}},"12":{"start":{"line":17,"column":53},"end":{"line":17,"column":73}},"13":{"start":{"line":18,"column":4},"end":{"line":19,"column":67}},"14":{"start":{"line":19,"column":6},"end":{"line":19,"column":67}},"15":{"start":{"line":21,"column":17},"end":{"line":21,"column":31}},"16":{"start":{"line":22,"column":20},"end":{"line":28,"column":6}},"17":{"start":{"line":29,"column":19},"end":{"line":29,"column":55}},"18":{"start":{"line":30,"column":4},"end":{"line":30,"column":18}},"19":{"start":{"line":33,"column":17},"end":{"line":33,"column":64}},"20":{"start":{"line":34,"column":4},"end":{"line":34,"column":16}},"21":{"start":{"line":37,"column":19},"end":{"line":37,"column":72}},"22":{"start":{"line":38,"column":4},"end":{"line":39,"column":73}},"23":{"start":{"line":39,"column":6},"end":{"line":39,"column":73}},"24":{"start":{"line":40,"column":26},"end":{"line":40,"column":66}},"25":{"start":{"line":42,"column":4},"end":{"line":43,"column":73}},"26":{"start":{"line":43,"column":6},"end":{"line":43,"column":73}},"27":{"start":{"line":44,"column":25},"end":{"line":47,"column":6}},"28":{"start":{"line":49,"column":4},"end":{"line":49,"column":24}},"29":{"start":{"line":52,"column":15},"end":{"line":52,"column":75}},"30":{"start":{"line":54,"column":4},"end":{"line":66,"column":5}},"31":{"start":{"line":55,"column":21},"end":{"line":61,"column":8}},"32":{"start":{"line":63,"column":6},"end":{"line":65,"column":45}},"33":{"start":{"line":68,"column":25},"end":{"line":71,"column":6}},"34":{"start":{"line":73,"column":4},"end":{"line":73,"column":24}},"35":{"start":{"line":76,"column":18},"end":{"line":76,"column":34}},"36":{"start":{"line":78,"column":17},"end":{"line":78,"column":75}},"37":{"start":{"line":80,"column":4},"end":{"line":80,"column":16}},"38":{"start":{"line":83,"column":4},"end":{"line":83,"column":66}},"39":{"start":{"line":86,"column":0},"end":{"line":86,"column":22}}},"fnMap":{"0":{"name":"(anonymous_0)","decl":{"start":{"line":8,"column":2},"end":{"line":8,"column":3}},"loc":{"start":{"line":8,"column":61},"end":{"line":31,"column":3}},"line":8},"1":{"name":"(anonymous_1)","decl":{"start":{"line":13,"column":6},"end":{"line":13,"column":7}},"loc":{"start":{"line":13,"column":16},"end":{"line":13,"column":42}},"line":13},"2":{"name":"(anonymous_2)","decl":{"start":{"line":17,"column":43},"end":{"line":17,"column":44}},"loc":{"start":{"line":17,"column":53},"end":{"line":17,"column":73}},"line":17},"3":{"name":"(anonymous_3)","decl":{"start":{"line":32,"column":2},"end":{"line":32,"column":3}},"loc":{"start":{"line":32,"column":25},"end":{"line":35,"column":3}},"line":32},"4":{"name":"(anonymous_4)","decl":{"start":{"line":36,"column":2},"end":{"line":36,"column":3}},"loc":{"start":{"line":36,"column":38},"end":{"line":50,"column":3}},"line":36},"5":{"name":"(anonymous_5)","decl":{"start":{"line":51,"column":2},"end":{"line":51,"column":3}},"loc":{"start":{"line":51,"column":41},"end":{"line":74,"column":3}},"line":51},"6":{"name":"(anonymous_6)","decl":{"start":{"line":75,"column":2},"end":{"line":75,"column":3}},"loc":{"start":{"line":75,"column":28},"end":{"line":81,"column":3}},"line":75},"7":{"name":"(anonymous_7)","decl":{"start":{"line":82,"column":2},"end":{"line":82,"column":3}},"loc":{"start":{"line":82,"column":34},"end":{"line":84,"column":3}},"line":82}},"branchMap":{"0":{"loc":{"start":{"line":15,"column":4},"end":{"line":16,"column":70}},"type":"if","locations":[{"start":{"line":15,"column":4},"end":{"line":16,"column":70}},{"start":{},"end":{}}],"line":15},"1":{"loc":{"start":{"line":18,"column":4},"end":{"line":19,"column":67}},"type":"if","locations":[{"start":{"line":18,"column":4},"end":{"line":19,"column":67}},{"start":{},"end":{}}],"line":18},"2":{"loc":{"start":{"line":38,"column":4},"end":{"line":39,"column":73}},"type":"if","locations":[{"start":{"line":38,"column":4},"end":{"line":39,"column":73}},{"start":{},"end":{}}],"line":38},"3":{"loc":{"start":{"line":42,"column":4},"end":{"line":43,"column":73}},"type":"if","locations":[{"start":{"line":42,"column":4},"end":{"line":43,"column":73}},{"start":{},"end":{}}],"line":42},"4":{"loc":{"start":{"line":54,"column":4},"end":{"line":66,"column":5}},"type":"if","locations":[{"start":{"line":54,"column":4},"end":{"line":66,"column":5}},{"start":{},"end":{}}],"line":54}},"s":{"0":12,"1":12,"2":12,"3":12,"4":12,"5":3,"6":3,"7":3,"8":21,"9":3,"10":1,"11":2,"12":11,"13":2,"14":1,"15":1,"16":1,"17":1,"18":1,"19":5,"20":5,"21":4,"22":4,"23":2,"24":2,"25":2,"26":1,"27":1,"28":1,"29":0,"30":0,"31":0,"32":0,"33":0,"34":0,"35":36,"36":36,"37":36,"38":1,"39":12},"f":{"0":3,"1":21,"2":11,"3":5,"4":4,"5":0,"6":36,"7":1},"b":{"0":[1,2],"1":[1,1],"2":[2,2],"3":[1,1],"4":[0,0]},"_coverageSchema":"1a1c01bbd47fc00a2c39e90264f33305004495a9","hash":"87688d3dad4fb048319d5cced126ec694508b628"}
,"/Users/abdularifin/Desktop/back-end/router/index.js": {"path":"/Users/abdularifin/Desktop/back-end/router/index.js","statementMap":{"0":{"start":{"line":1,"column":16},"end":{"line":1,"column":34}},"1":{"start":{"line":2,"column":23},"end":{"line":2,"column":52}},"2":{"start":{"line":3,"column":26},"end":{"line":3,"column":58}},"3":{"start":{"line":4,"column":15},"end":{"line":4,"column":31}},"4":{"start":{"line":5,"column":23},"end":{"line":5,"column":62}},"5":{"start":{"line":6,"column":15},"end":{"line":6,"column":32}},"6":{"start":{"line":7,"column":26},"end":{"line":7,"column":58}},"7":{"start":{"line":8,"column":25},"end":{"line":8,"column":56}},"8":{"start":{"line":9,"column":22},"end":{"line":9,"column":60}},"9":{"start":{"line":11,"column":0},"end":{"line":13,"column":3}},"10":{"start":{"line":12,"column":3},"end":{"line":12,"column":46}},"11":{"start":{"line":15,"column":0},"end":{"line":15,"column":50}},"12":{"start":{"line":16,"column":0},"end":{"line":16,"column":44}},"13":{"start":{"line":17,"column":0},"end":{"line":17,"column":57}},"14":{"start":{"line":18,"column":0},"end":{"line":18,"column":55}},"15":{"start":{"line":19,"column":0},"end":{"line":19,"column":57}},"16":{"start":{"line":21,"column":0},"end":{"line":21,"column":57}},"17":{"start":{"line":22,"column":0},"end":{"line":22,"column":68}},"18":{"start":{"line":23,"column":0},"end":{"line":23,"column":79}},"19":{"start":{"line":24,"column":0},"end":{"line":24,"column":92}},"20":{"start":{"line":25,"column":0},"end":{"line":25,"column":85}},"21":{"start":{"line":27,"column":15},"end":{"line":27,"column":58}},"22":{"start":{"line":28,"column":0},"end":{"line":28,"column":112}},"23":{"start":{"line":30,"column":0},"end":{"line":30,"column":97}},"24":{"start":{"line":31,"column":0},"end":{"line":31,"column":77}},"25":{"start":{"line":32,"column":0},"end":{"line":32,"column":72}},"26":{"start":{"line":33,"column":0},"end":{"line":33,"column":81}},"27":{"start":{"line":35,"column":0},"end":{"line":35,"column":83}},"28":{"start":{"line":36,"column":0},"end":{"line":36,"column":97}},"29":{"start":{"line":38,"column":0},"end":{"line":38,"column":59}},"30":{"start":{"line":39,"column":0},"end":{"line":39,"column":57}},"31":{"start":{"line":41,"column":0},"end":{"line":41,"column":76}},"32":{"start":{"line":43,"column":0},"end":{"line":43,"column":24}}},"fnMap":{"0":{"name":"(anonymous_0)","decl":{"start":{"line":11,"column":16},"end":{"line":11,"column":17}},"loc":{"start":{"line":11,"column":30},"end":{"line":13,"column":1}},"line":11}},"branchMap":{},"s":{"0":12,"1":12,"2":12,"3":12,"4":12,"5":12,"6":12,"7":12,"8":12,"9":12,"10":0,"11":12,"12":12,"13":12,"14":12,"15":12,"16":12,"17":12,"18":12,"19":12,"20":12,"21":12,"22":12,"23":12,"24":12,"25":12,"26":12,"27":12,"28":12,"29":12,"30":12,"31":12,"32":12},"f":{"0":0},"b":{},"_coverageSchema":"1a1c01bbd47fc00a2c39e90264f33305004495a9","hash":"7a525db7731706f4a6766d4864b2cb674af1424d"}
}
