TN:
SF:app.js
FNF:0
FNH:0
DA:1,6
DA:2,6
DA:5,6
DA:6,6
DA:7,6
DA:8,6
DA:9,6
DA:11,6
DA:12,6
DA:13,6
DA:14,6
DA:16,6
LF:12
LH:12
BRDA:1,0,0,6
BRDA:1,0,1,0
BRF:2
BRH:1
end_of_record
TN:
SF:config/db.js
FNF:0
FNH:0
DA:1,6
DA:3,6
DA:6,6
DA:13,6
DA:14,6
LF:5
LH:5
BRF:0
BRH:0
end_of_record
TN:
SF:controller/orders.js
FN:7,(anonymous_0)
FN:36,(anonymous_1)
FNF:2
FNH:0
FNDA:0,(anonymous_0)
FNDA:0,(anonymous_1)
DA:1,6
DA:2,6
DA:3,6
DA:4,6
DA:8,0
DA:9,0
DA:11,0
DA:12,0
DA:13,0
DA:14,0
DA:15,0
DA:16,0
DA:17,0
DA:23,0
DA:24,0
DA:25,0
DA:27,0
DA:28,0
DA:32,0
DA:37,0
DA:38,0
DA:39,0
DA:41,0
DA:49,0
DA:107,0
DA:114,0
DA:118,0
DA:123,6
LF:28
LH:5
BRDA:11,0,0,0
BRDA:11,0,1,0
BRDA:12,1,0,0
BRDA:12,1,1,0
BRDA:13,2,0,0
BRDA:13,2,1,0
BRDA:14,3,0,0
BRDA:14,3,1,0
BRDA:15,4,0,0
BRDA:15,4,1,0
BRDA:16,5,0,0
BRDA:16,5,1,0
BRF:12
BRH:0
end_of_record
TN:
SF:controller/package.js
FN:5,(anonymous_0)
FN:35,(anonymous_1)
FN:48,(anonymous_2)
FN:64,(anonymous_3)
FN:81,(anonymous_4)
FN:99,(anonymous_5)
FN:121,(anonymous_6)
FN:133,(anonymous_7)
FNF:8
FNH:7
FNDA:1,(anonymous_0)
FNDA:2,(anonymous_1)
FNDA:6,(anonymous_2)
FNDA:3,(anonymous_3)
FNDA:3,(anonymous_4)
FNDA:3,(anonymous_5)
FNDA:2,(anonymous_6)
FNDA:0,(anonymous_7)
DA:1,6
DA:2,6
DA:6,1
DA:7,1
DA:8,1
DA:9,1
DA:10,1
DA:12,1
DA:13,1
DA:15,1
DA:16,0
DA:17,0
DA:20,1
DA:21,0
DA:24,1
DA:25,1
DA:26,1
DA:28,1
DA:29,1
DA:31,0
DA:36,2
DA:37,2
DA:38,2
DA:39,2
DA:40,1
DA:42,1
DA:44,1
DA:49,6
DA:50,6
DA:51,6
DA:52,1
DA:54,5
DA:55,4
DA:57,1
DA:58,1
DA:60,5
DA:65,3
DA:66,3
DA:67,3
DA:68,1
DA:70,2
DA:71,2
DA:72,1
DA:74,1
DA:75,1
DA:77,2
DA:82,3
DA:83,3
DA:84,3
DA:85,3
DA:86,1
DA:88,2
DA:89,2
DA:90,1
DA:93,1
DA:94,1
DA:96,2
DA:100,3
DA:101,3
DA:102,3
DA:103,3
DA:104,1
DA:106,2
DA:107,0
DA:109,2
DA:110,2
DA:111,1
DA:113,1
DA:115,1
DA:121,1
DA:122,2
DA:123,2
DA:124,2
DA:125,2
DA:131,1
DA:133,0
DA:134,0
DA:136,0
DA:138,0
DA:140,0
DA:141,0
DA:143,0
DA:146,0
DA:148,3
DA:153,6
LF:85
LH:72
BRDA:6,0,0,1
BRDA:6,0,1,1
BRDA:7,1,0,1
BRDA:7,1,1,1
BRDA:8,2,0,1
BRDA:8,2,1,1
BRDA:9,3,0,1
BRDA:9,3,1,1
BRDA:10,4,0,1
BRDA:10,4,1,1
BRDA:15,5,0,0
BRDA:15,5,1,1
BRDA:20,6,0,0
BRDA:20,6,1,1
BRDA:39,7,0,1
BRDA:39,7,1,1
BRDA:51,8,0,1
BRDA:51,8,1,5
BRDA:54,9,0,4
BRDA:54,9,1,1
BRDA:54,10,0,5
BRDA:54,10,1,4
BRDA:54,10,2,3
BRDA:54,10,3,2
BRDA:67,11,0,1
BRDA:67,11,1,2
BRDA:71,12,0,1
BRDA:71,12,1,1
BRDA:85,13,0,1
BRDA:85,13,1,2
BRDA:89,14,0,1
BRDA:89,14,1,1
BRDA:103,15,0,1
BRDA:103,15,1,2
BRDA:106,16,0,0
BRDA:106,16,1,2
BRDA:110,17,0,1
BRDA:110,17,1,1
BRDA:140,18,0,0
BRDA:140,18,1,0
BRF:40
BRH:35
end_of_record
TN:
SF:controller/payment.js
FN:11,(anonymous_0)
FN:54,(anonymous_1)
FNF:2
FNH:2
FNDA:4,(anonymous_0)
FNDA:2,(anonymous_1)
DA:1,6
DA:2,6
DA:4,6
DA:12,4
DA:13,4
DA:14,4
DA:16,4
DA:17,3
DA:20,1
DA:45,1
DA:47,0
DA:49,4
DA:50,4
DA:55,2
DA:56,2
DA:57,2
DA:58,2
DA:59,0
DA:61,0
DA:62,0
DA:64,0
DA:65,0
DA:66,0
DA:67,0
DA:68,0
DA:69,0
DA:72,2
DA:73,2
DA:78,6
LF:29
LH:19
BRDA:16,0,0,3
BRDA:16,0,1,1
BRDA:16,1,0,4
BRDA:16,1,1,2
BRDA:64,2,0,0
BRDA:64,2,1,0
BRDA:67,3,0,0
BRDA:67,3,1,0
BRF:8
BRH:4
end_of_record
TN:
SF:controller/user.js
FN:7,(anonymous_0)
FN:29,(anonymous_1)
FN:41,(anonymous_2)
FNF:3
FNH:3
FNDA:7,(anonymous_0)
FNDA:6,(anonymous_1)
FNDA:3,(anonymous_2)
DA:1,6
DA:2,6
DA:3,6
DA:4,6
DA:8,7
DA:9,7
DA:10,7
DA:11,1
DA:12,6
DA:13,1
DA:14,5
DA:15,1
DA:16,4
DA:17,1
DA:18,3
DA:24,1
DA:26,6
DA:30,6
DA:31,6
DA:32,6
DA:33,5
DA:34,1
DA:35,4
DA:36,1
DA:38,5
DA:42,3
DA:43,3
DA:44,3
DA:46,3
DA:47,1
DA:48,2
DA:52,0
DA:54,0
DA:56,0
DA:58,3
DA:62,6
LF:36
LH:33
BRDA:10,0,0,1
BRDA:10,0,1,6
BRDA:12,1,0,1
BRDA:12,1,1,5
BRDA:14,2,0,1
BRDA:14,2,1,4
BRDA:16,3,0,1
BRDA:16,3,1,3
BRDA:32,4,0,1
BRDA:32,4,1,5
BRDA:33,5,0,1
BRDA:33,5,1,4
BRDA:46,6,0,1
BRDA:46,6,1,2
BRF:14
BRH:14
end_of_record
TN:
SF:helper/bcrypt.js
FN:2,hash
FNF:1
FNH:1
FNDA:1,hash
DA:1,6
DA:3,1
DA:4,1
DA:5,1
DA:7,6
LF:5
LH:5
BRF:0
BRH:0
end_of_record
TN:
SF:helper/jwt.js
FN:5,signToken
FN:9,verifyToken
FNF:2
FNH:2
FNDA:5,signToken
FNDA:21,verifyToken
DA:1,6
DA:2,6
DA:3,6
DA:6,5
DA:10,21
DA:12,6
LF:6
LH:6
BRF:0
BRH:0
end_of_record
TN:
SF:middleware/authentication.js
FN:4,(anonymous_0)
FNF:1
FNH:1
FNDA:27,(anonymous_0)
DA:1,6
DA:2,6
DA:4,6
DA:5,27
DA:6,27
DA:8,27
DA:9,21
DA:11,21
DA:12,21
DA:14,21
DA:16,21
DA:17,21
DA:18,21
DA:20,6
DA:23,6
LF:15
LH:15
BRDA:8,0,0,6
BRDA:8,0,1,21
BRDA:11,1,0,0
BRDA:11,1,1,21
BRDA:16,2,0,0
BRDA:16,2,1,21
BRF:6
BRH:4
end_of_record
TN:
SF:middleware/errorHandler.js
FN:1,errorHandler
FNF:1
FNH:1
FNDA:39,errorHandler
DA:2,39
DA:3,39
DA:4,39
DA:5,39
DA:6,39
DA:8,16
DA:9,16
DA:10,16
DA:12,13
DA:13,13
DA:14,13
DA:16,4
DA:17,4
DA:18,4
DA:20,6
DA:21,6
DA:23,39
DA:26,6
LF:18
LH:18
BRDA:6,0,0,16
BRDA:6,0,1,13
BRDA:6,0,2,4
BRDA:6,0,3,6
BRDA:9,1,0,16
BRDA:9,1,1,0
BRDA:13,2,0,13
BRDA:13,2,1,0
BRDA:17,3,0,4
BRDA:17,3,1,0
BRF:10
BRH:7
end_of_record
TN:
SF:model/order.js
FN:5,(anonymous_0)
FN:24,(anonymous_1)
FN:27,(anonymous_2)
FNF:3
FNH:0
FNDA:0,(anonymous_0)
FNDA:0,(anonymous_1)
FNDA:0,(anonymous_2)
DA:1,6
DA:2,6
DA:6,0
DA:7,0
DA:8,0
DA:21,0
DA:22,0
DA:25,0
DA:28,0
DA:31,6
LF:10
LH:3
BRF:0
BRH:0
end_of_record
TN:
SF:model/package.js
FN:4,(anonymous_0)
FN:7,(anonymous_1)
FN:10,(anonymous_2)
FN:13,(anonymous_3)
FN:16,(anonymous_4)
FN:19,(anonymous_5)
FN:22,(anonymous_6)
FNF:7
FNH:6
FNDA:16,(anonymous_0)
FNDA:1,(anonymous_1)
FNDA:8,(anonymous_2)
FNDA:3,(anonymous_3)
FNDA:3,(anonymous_4)
FNDA:1,(anonymous_5)
FNDA:0,(anonymous_6)
DA:1,6
DA:5,16
DA:8,1
DA:11,8
DA:14,3
DA:17,3
DA:20,1
DA:23,0
DA:27,6
LF:9
LH:8
BRF:0
BRH:0
end_of_record
TN:
SF:model/payment.js
FN:5,(anonymous_0)
FN:8,(anonymous_1)
FNF:2
FNH:0
FNDA:0,(anonymous_0)
FNDA:0,(anonymous_1)
DA:1,6
DA:2,6
DA:6,0
DA:9,0
DA:12,6
LF:5
LH:3
BRF:0
BRH:0
end_of_record
TN:
SF:model/user.js
FN:8,(anonymous_0)
FN:13,(anonymous_1)
FN:17,(anonymous_2)
FN:32,(anonymous_3)
FN:36,(anonymous_4)
FN:51,(anonymous_5)
FN:75,(anonymous_6)
FNF:7
FNH:6
FNDA:3,(anonymous_0)
FNDA:15,(anonymous_1)
FNDA:8,(anonymous_2)
FNDA:3,(anonymous_3)
FNDA:4,(anonymous_4)
FNDA:0,(anonymous_5)
FNDA:21,(anonymous_6)
DA:1,6
DA:2,6
DA:3,6
DA:4,6
DA:5,6
DA:9,3
DA:11,3
DA:12,3
DA:13,15
DA:15,3
DA:16,1
DA:17,8
DA:18,2
DA:19,1
DA:21,1
DA:22,1
DA:29,1
DA:30,1
DA:33,3
DA:34,3
DA:37,4
DA:38,4
DA:39,2
DA:40,2
DA:42,2
DA:43,1
DA:44,1
DA:49,1
DA:52,0
DA:54,0
DA:55,0
DA:63,0
DA:68,0
DA:73,0
DA:76,21
DA:78,21
DA:80,21
DA:83,6
LF:38
LH:32
BRDA:15,0,0,1
BRDA:15,0,1,2
BRDA:18,1,0,1
BRDA:18,1,1,1
BRDA:38,2,0,2
BRDA:38,2,1,2
BRDA:42,3,0,1
BRDA:42,3,1,1
BRDA:54,4,0,0
BRDA:54,4,1,0
BRF:10
BRH:8
end_of_record
TN:
SF:router/index.js
FN:10,(anonymous_0)
FNF:1
FNH:0
FNDA:0,(anonymous_0)
DA:1,6
DA:2,6
DA:3,6
DA:4,6
DA:5,6
DA:6,6
DA:7,6
DA:8,6
DA:10,6
DA:11,0
DA:14,6
DA:15,6
DA:16,6
DA:18,6
DA:19,6
DA:20,6
DA:21,6
DA:22,6
DA:24,6
DA:25,6
DA:27,6
DA:28,6
DA:29,6
DA:31,6
DA:33,6
LF:25
LH:24
BRF:0
BRH:0
end_of_record
